<?xml version="1.0" encoding="UTF-8"?>
<coverage generated="1779891916069" clover="3.2.0">
  <project timestamp="1779891916069" name="All files">
    <metrics statements="342" coveredstatements="328" conditionals="293" coveredconditionals="261" methods="107" coveredmethods="103" elements="742" coveredelements="692" complexity="0" loc="342" ncloc="342" packages="3" files="11" classes="11"/>
    <package name="components">
      <metrics statements="188" coveredstatements="181" conditionals="214" coveredconditionals="191" methods="68" coveredmethods="65"/>
      <file name="ChatHeader.tsx" path="E:\workspace\program\ai-chat\ui\src\components\ChatHeader.tsx">
        <metrics statements="2" coveredstatements="2" conditionals="5" coveredconditionals="5" methods="2" coveredmethods="2"/>
        <line num="9" count="16" type="stmt"/>
        <line num="46" count="4" type="stmt"/>
      </file>
      <file name="ChatInput.tsx" path="E:\workspace\program\ai-chat\ui\src\components\ChatInput.tsx">
        <metrics statements="28" coveredstatements="27" conditionals="26" coveredconditionals="25" methods="8" coveredmethods="8"/>
        <line num="9" count="40" type="stmt"/>
        <line num="10" count="40" type="stmt"/>
        <line num="11" count="40" type="stmt"/>
        <line num="13" count="40" type="stmt"/>
        <line num="14" count="14" type="cond" truecount="2" falsecount="0"/>
        <line num="15" count="10" type="stmt"/>
        <line num="18" count="40" type="stmt"/>
        <line num="19" count="21" type="stmt"/>
        <line num="20" count="21" type="cond" truecount="1" falsecount="1"/>
        <line num="21" count="0" type="stmt"/>
        <line num="22" count="21" type="stmt"/>
        <line num="23" count="21" type="stmt"/>
        <line num="26" count="40" type="stmt"/>
        <line num="27" count="3" type="stmt"/>
        <line num="28" count="3" type="cond" truecount="4" falsecount="0"/>
        <line num="29" count="1" type="stmt"/>
        <line num="30" count="2" type="stmt"/>
        <line num="31" count="2" type="stmt"/>
        <line num="34" count="40" type="stmt"/>
        <line num="35" count="3" type="cond" truecount="4" falsecount="0"/>
        <line num="36" count="2" type="stmt"/>
        <line num="37" count="2" type="stmt"/>
        <line num="41" count="40" type="stmt"/>
        <line num="42" count="40" type="cond" truecount="2" falsecount="0"/>
        <line num="44" count="40" type="stmt"/>
        <line num="60" count="5" type="stmt"/>
        <line num="62" count="10" type="stmt"/>
        <line num="63" count="3" type="stmt"/>
      </file>
      <file name="ChatWindow.tsx" path="E:\workspace\program\ai-chat\ui\src\components\ChatWindow.tsx">
        <metrics statements="7" coveredstatements="7" conditionals="21" coveredconditionals="19" methods="4" coveredmethods="4"/>
        <line num="35" count="14" type="stmt"/>
        <line num="37" count="14" type="cond" truecount="2" falsecount="0"/>
        <line num="38" count="2" type="stmt"/>
        <line num="97" count="12" type="stmt"/>
        <line num="115" count="3" type="stmt"/>
        <line num="133" count="1" type="stmt"/>
        <line num="134" count="2" type="stmt"/>
      </file>
      <file name="ConfirmDialog.tsx" path="E:\workspace\program\ai-chat\ui\src\components\ConfirmDialog.tsx">
        <metrics statements="11" coveredstatements="11" conditionals="8" coveredconditionals="7" methods="5" coveredmethods="5"/>
        <line num="14" count="12" type="stmt"/>
        <line num="16" count="12" type="stmt"/>
        <line num="17" count="12" type="cond" truecount="2" falsecount="0"/>
        <line num="18" count="3" type="stmt"/>
        <line num="19" count="3" type="stmt"/>
        <line num="20" count="1" type="cond" truecount="1" falsecount="1"/>
        <line num="22" count="3" type="stmt"/>
        <line num="23" count="3" type="stmt"/>
        <line num="27" count="12" type="cond" truecount="2" falsecount="0"/>
        <line num="29" count="3" type="stmt"/>
        <line num="44" count="2" type="stmt"/>
      </file>
      <file name="ConversationList.tsx" path="E:\workspace\program\ai-chat\ui\src\components\ConversationList.tsx">
        <metrics statements="53" coveredstatements="52" conditionals="74" coveredconditionals="67" methods="17" coveredmethods="16"/>
        <line num="18" count="36" type="stmt"/>
        <line num="28" count="21" type="stmt"/>
        <line num="29" count="15" type="stmt"/>
        <line num="30" count="0" type="stmt"/>
        <line num="32" count="21" type="stmt"/>
        <line num="33" count="21" type="stmt"/>
        <line num="36" count="21" type="stmt"/>
        <line num="37" count="15" type="cond" truecount="2" falsecount="0"/>
        <line num="38" count="2" type="stmt"/>
        <line num="39" count="2" type="cond" truecount="1" falsecount="1"/>
        <line num="40" count="2" type="stmt"/>
        <line num="41" count="2" type="stmt"/>
        <line num="42" count="2" type="stmt"/>
        <line num="43" count="2" type="stmt"/>
        <line num="45" count="15" type="stmt"/>
        <line num="46" count="2" type="cond" truecount="1" falsecount="1"/>
        <line num="47" count="2" type="cond" truecount="2" falsecount="0"/>
        <line num="48" count="1" type="cond" truecount="1" falsecount="1"/>
        <line num="50" count="1" type="cond" truecount="1" falsecount="1"/>
        <line num="53" count="15" type="stmt"/>
        <line num="54" count="15" type="stmt"/>
        <line num="58" count="21" type="stmt"/>
        <line num="59" count="21" type="stmt"/>
        <line num="60" count="19" type="cond" truecount="2" falsecount="0"/>
        <line num="61" count="3" type="stmt"/>
        <line num="62" count="4" type="cond" truecount="2" falsecount="0"/>
        <line num="63" count="2" type="stmt"/>
        <line num="68" count="21" type="stmt"/>
        <line num="69" count="21" type="stmt"/>
        <line num="70" count="20" type="stmt"/>
        <line num="71" count="20" type="cond" truecount="2" falsecount="0"/>
        <line num="72" count="20" type="stmt"/>
        <line num="73" count="20" type="stmt"/>
        <line num="75" count="21" type="stmt"/>
        <line num="78" count="21" type="stmt"/>
        <line num="152" count="3" type="stmt"/>
        <line num="163" count="1" type="stmt"/>
        <line num="201" count="90" type="stmt"/>
        <line num="202" count="90" type="cond" truecount="4" falsecount="0"/>
        <line num="203" count="72" type="stmt"/>
        <line num="204" count="18" type="stmt"/>
        <line num="208" count="20" type="stmt"/>
        <line num="209" count="20" type="stmt"/>
        <line num="211" count="20" type="stmt"/>
        <line num="214" count="1" type="stmt"/>
        <line num="215" count="1" type="cond" truecount="2" falsecount="2"/>
        <line num="240" count="1" type="stmt"/>
        <line num="300" count="2" type="stmt"/>
        <line num="301" count="2" type="stmt"/>
        <line num="302" count="2" type="stmt"/>
        <line num="303" count="2" type="stmt"/>
        <line num="304" count="2" type="cond" truecount="2" falsecount="0"/>
        <line num="336" count="21" type="stmt"/>
      </file>
      <file name="ErrorBoundary.tsx" path="E:\workspace\program\ai-chat\ui\src\components\ErrorBoundary.tsx">
        <metrics statements="5" coveredstatements="5" conditionals="4" coveredconditionals="3" methods="3" coveredmethods="3"/>
        <line num="7" count="5" type="stmt"/>
        <line num="10" count="6" type="stmt"/>
        <line num="14" count="13" type="cond" truecount="2" falsecount="0"/>
        <line num="16" count="6" type="stmt"/>
        <line num="32" count="1" type="stmt"/>
      </file>
      <file name="MessageBubble.tsx" path="E:\workspace\program\ai-chat\ui\src\components\MessageBubble.tsx">
        <metrics statements="41" coveredstatements="40" conditionals="47" coveredconditionals="43" methods="17" coveredmethods="17"/>
        <line num="7" count="3" type="cond" truecount="2" falsecount="0"/>
        <line num="8" count="2" type="stmt"/>
        <line num="10" count="1" type="stmt"/>
        <line num="11" count="1" type="stmt"/>
        <line num="12" count="1" type="stmt"/>
        <line num="13" count="1" type="stmt"/>
        <line num="14" count="1" type="stmt"/>
        <line num="15" count="1" type="stmt"/>
        <line num="16" count="1" type="stmt"/>
        <line num="17" count="1" type="stmt"/>
        <line num="18" count="1" type="cond" truecount="1" falsecount="1"/>
        <line num="21" count="0" type="stmt"/>
        <line num="24" count="1" type="stmt"/>
        <line num="30" count="8" type="stmt"/>
        <line num="31" count="8" type="cond" truecount="2" falsecount="0"/>
        <line num="33" count="8" type="stmt"/>
        <line num="34" count="2" type="cond" truecount="2" falsecount="2"/>
        <line num="35" count="2" type="stmt"/>
        <line num="36" count="2" type="stmt"/>
        <line num="37" count="2" type="stmt"/>
        <line num="41" count="8" type="stmt"/>
        <line num="76" count="59" type="stmt"/>
        <line num="77" count="59" type="stmt"/>
        <line num="78" count="59" type="stmt"/>
        <line num="79" count="59" type="stmt"/>
        <line num="81" count="59" type="stmt"/>
        <line num="82" count="1" type="stmt"/>
        <line num="83" count="1" type="stmt"/>
        <line num="84" count="1" type="stmt"/>
        <line num="88" count="59" type="stmt"/>
        <line num="91" count="4" type="stmt"/>
        <line num="92" count="2" type="stmt"/>
        <line num="136" count="4" type="stmt"/>
        <line num="139" count="5" type="cond" truecount="2" falsecount="0"/>
        <line num="140" count="4" type="stmt"/>
        <line num="141" count="1" type="stmt"/>
        <line num="155" count="36" type="stmt"/>
        <line num="156" count="1" type="stmt"/>
        <line num="157" count="1" type="stmt"/>
        <line num="159" count="1" type="stmt"/>
        <line num="162" count="1" type="stmt"/>
      </file>
      <file name="MessageList.tsx" path="E:\workspace\program\ai-chat\ui\src\components\MessageList.tsx">
        <metrics statements="41" coveredstatements="37" conditionals="29" coveredconditionals="22" methods="12" coveredmethods="10"/>
        <line num="7" count="16" type="stmt"/>
        <line num="17" count="1" type="stmt"/>
        <line num="36" count="3" type="stmt"/>
        <line num="53" count="1" type="stmt"/>
        <line num="72" count="2" type="stmt"/>
        <line num="100" count="18" type="stmt"/>
        <line num="101" count="18" type="stmt"/>
        <line num="102" count="18" type="stmt"/>
        <line num="105" count="18" type="stmt"/>
        <line num="106" count="12" type="cond" truecount="4" falsecount="0"/>
        <line num="107" count="11" type="stmt"/>
        <line num="108" count="11" type="cond" truecount="1" falsecount="1"/>
        <line num="109" count="11" type="stmt"/>
        <line num="110" count="11" type="stmt"/>
        <line num="111" count="11" type="cond" truecount="1" falsecount="1"/>
        <line num="112" count="11" type="stmt"/>
        <line num="117" count="18" type="stmt"/>
        <line num="118" count="0" type="stmt"/>
        <line num="119" count="0" type="cond" truecount="0" falsecount="2"/>
        <line num="120" count="0" type="stmt"/>
        <line num="124" count="18" type="stmt"/>
        <line num="125" count="12" type="stmt"/>
        <line num="126" count="12" type="cond" truecount="2" falsecount="0"/>
        <line num="127" count="11" type="stmt"/>
        <line num="128" count="11" type="stmt"/>
        <line num="132" count="18" type="stmt"/>
        <line num="133" count="0" type="stmt"/>
        <line num="136" count="18" type="stmt"/>
        <line num="138" count="18" type="cond" truecount="4" falsecount="0"/>
        <line num="139" count="1" type="stmt"/>
        <line num="147" count="17" type="stmt"/>
        <line num="148" count="17" type="stmt"/>
        <line num="150" count="17" type="stmt"/>
        <line num="151" count="32" type="stmt"/>
        <line num="152" count="32" type="cond" truecount="2" falsecount="0"/>
        <line num="153" count="16" type="stmt"/>
        <line num="154" count="16" type="stmt"/>
        <line num="157" count="32" type="stmt"/>
        <line num="171" count="17" type="cond" truecount="2" falsecount="0"/>
        <line num="172" count="1" type="stmt"/>
        <line num="175" count="17" type="stmt"/>
      </file>
    </package>
    <package name="hooks">
      <metrics statements="132" coveredstatements="125" conditionals="63" coveredconditionals="54" methods="37" coveredmethods="36"/>
      <file name="useChatStore.ts" path="E:\workspace\program\ai-chat\ui\src\hooks\useChatStore.ts">
        <metrics statements="79" coveredstatements="76" conditionals="49" coveredconditionals="44" methods="26" coveredmethods="26"/>
        <line num="4" count="1" type="stmt"/>
        <line num="7" count="43" type="stmt"/>
        <line num="37" count="61" type="cond" truecount="10" falsecount="1"/>
        <line num="39" count="1" type="stmt"/>
        <line num="42" count="22" type="stmt"/>
        <line num="49" count="22" type="stmt"/>
        <line num="57" count="3" type="stmt"/>
        <line num="58" count="2" type="stmt"/>
        <line num="66" count="1" type="stmt"/>
        <line num="69" count="1" type="cond" truecount="1" falsecount="1"/>
        <line num="74" count="17" type="stmt"/>
        <line num="80" count="17" type="stmt"/>
        <line num="83" count="17" type="cond" truecount="1" falsecount="1"/>
        <line num="84" count="0" type="stmt"/>
        <line num="85" count="17" type="cond" truecount="4" falsecount="0"/>
        <line num="88" count="17" type="stmt"/>
        <line num="94" count="5" type="stmt"/>
        <line num="95" count="5" type="stmt"/>
        <line num="100" count="5" type="cond" truecount="1" falsecount="1"/>
        <line num="101" count="0" type="stmt"/>
        <line num="102" count="5" type="stmt"/>
        <line num="103" count="5" type="stmt"/>
        <line num="104" count="5" type="cond" truecount="2" falsecount="0"/>
        <line num="105" count="5" type="cond" truecount="2" falsecount="0"/>
        <line num="106" count="1" type="stmt"/>
        <line num="109" count="4" type="stmt"/>
        <line num="116" count="5" type="stmt"/>
        <line num="122" count="1" type="stmt"/>
        <line num="125" count="4" type="stmt"/>
        <line num="126" count="4" type="stmt"/>
        <line num="127" count="4" type="stmt"/>
        <line num="128" count="4" type="cond" truecount="4" falsecount="0"/>
        <line num="129" count="3" type="stmt"/>
        <line num="132" count="4" type="stmt"/>
        <line num="134" count="1" type="stmt"/>
        <line num="139" count="5" type="stmt"/>
        <line num="142" count="3" type="stmt"/>
        <line num="145" count="0" type="stmt"/>
        <line num="152" count="26" type="stmt"/>
        <line num="153" count="26" type="stmt"/>
        <line num="154" count="26" type="cond" truecount="2" falsecount="0"/>
        <line num="155" count="2" type="stmt"/>
        <line num="158" count="1" type="stmt"/>
        <line num="159" count="1" type="stmt"/>
        <line num="166" count="79" type="stmt"/>
        <line num="167" count="26" type="stmt"/>
        <line num="168" count="26" type="stmt"/>
        <line num="178" count="79" type="stmt"/>
        <line num="179" count="75" type="stmt"/>
        <line num="183" count="79" type="cond" truecount="2" falsecount="0"/>
        <line num="184" count="79" type="cond" truecount="2" falsecount="0"/>
        <line num="186" count="79" type="stmt"/>
        <line num="197" count="1" type="stmt"/>
        <line num="198" count="2" type="stmt"/>
        <line num="201" count="20" type="stmt"/>
        <line num="202" count="20" type="stmt"/>
        <line num="203" count="20" type="stmt"/>
        <line num="206" count="2" type="stmt"/>
        <line num="207" count="1" type="stmt"/>
        <line num="210" count="13" type="stmt"/>
        <line num="213" count="5" type="stmt"/>
        <line num="216" count="1" type="stmt"/>
        <line num="219" count="4" type="stmt"/>
        <line num="223" count="5" type="stmt"/>
        <line num="224" count="5" type="cond" truecount="2" falsecount="0"/>
        <line num="226" count="4" type="stmt"/>
        <line num="227" count="4" type="stmt"/>
        <line num="229" count="4" type="cond" truecount="2" falsecount="0"/>
        <line num="230" count="2" type="stmt"/>
        <line num="231" count="2" type="stmt"/>
        <line num="234" count="2" type="stmt"/>
        <line num="235" count="2" type="cond" truecount="1" falsecount="1"/>
        <line num="236" count="3" type="stmt"/>
        <line num="240" count="4" type="stmt"/>
        <line num="242" count="4" type="stmt"/>
        <line num="243" count="4" type="stmt"/>
        <line num="245" count="4" type="cond" truecount="2" falsecount="0"/>
        <line num="246" count="1" type="stmt"/>
        <line num="247" count="1" type="stmt"/>
      </file>
      <file name="useWebSocket.ts" path="E:\workspace\program\ai-chat\ui\src\hooks\useWebSocket.ts">
        <metrics statements="53" coveredstatements="49" conditionals="14" coveredconditionals="10" methods="11" coveredmethods="10"/>
        <line num="5" count="23" type="stmt"/>
        <line num="6" count="23" type="stmt"/>
        <line num="7" count="23" type="stmt"/>
        <line num="8" count="23" type="stmt"/>
        <line num="9" count="23" type="stmt"/>
        <line num="10" count="23" type="stmt"/>
        <line num="11" count="23" type="stmt"/>
        <line num="12" count="23" type="stmt"/>
        <line num="14" count="23" type="stmt"/>
        <line num="15" count="12" type="cond" truecount="1" falsecount="1"/>
        <line num="16" count="0" type="stmt"/>
        <line num="17" count="12" type="cond" truecount="3" falsecount="1"/>
        <line num="18" count="0" type="stmt"/>
        <line num="20" count="12" type="stmt"/>
        <line num="21" count="12" type="stmt"/>
        <line num="23" count="12" type="stmt"/>
        <line num="24" count="2" type="cond" truecount="2" falsecount="0"/>
        <line num="25" count="1" type="stmt"/>
        <line num="28" count="12" type="stmt"/>
        <line num="29" count="8" type="stmt"/>
        <line num="30" count="8" type="stmt"/>
        <line num="31" count="8" type="stmt"/>
        <line num="32" count="8" type="stmt"/>
        <line num="35" count="12" type="stmt"/>
        <line num="36" count="3" type="stmt"/>
        <line num="37" count="3" type="stmt"/>
        <line num="38" count="3" type="cond" truecount="1" falsecount="1"/>
        <line num="39" count="0" type="stmt"/>
        <line num="40" count="3" type="cond" truecount="1" falsecount="1"/>
        <line num="41" count="3" type="stmt"/>
        <line num="42" count="3" type="stmt"/>
        <line num="45" count="0" type="stmt"/>
        <line num="49" count="12" type="stmt"/>
        <line num="50" count="2" type="stmt"/>
        <line num="54" count="12" type="stmt"/>
        <line num="57" count="23" type="stmt"/>
        <line num="58" count="10" type="stmt"/>
        <line num="59" count="10" type="stmt"/>
        <line num="60" count="10" type="stmt"/>
        <line num="61" count="1" type="stmt"/>
        <line num="62" count="1" type="stmt"/>
        <line num="63" count="1" type="stmt"/>
        <line num="67" count="23" type="stmt"/>
        <line num="68" count="2" type="stmt"/>
        <line num="69" count="2" type="stmt"/>
        <line num="70" count="2" type="stmt"/>
        <line num="71" count="2" type="stmt"/>
        <line num="72" count="2" type="stmt"/>
        <line num="75" count="23" type="stmt"/>
        <line num="80" count="2" type="cond" truecount="2" falsecount="0"/>
        <line num="81" count="1" type="stmt"/>
        <line num="82" count="1" type="stmt"/>
        <line num="84" count="1" type="stmt"/>
      </file>
    </package>
    <package name="utils">
      <metrics statements="22" coveredstatements="22" conditionals="16" coveredconditionals="16" methods="2" coveredmethods="2"/>
      <file name="time.ts" path="E:\workspace\program\ai-chat\ui\src\utils\time.ts">
        <metrics statements="22" coveredstatements="22" conditionals="16" coveredconditionals="16" methods="2" coveredmethods="2"/>
        <line num="2" count="9" type="stmt"/>
        <line num="3" count="9" type="stmt"/>
        <line num="4" count="9" type="cond" truecount="2" falsecount="0"/>
        <line num="5" count="1" type="stmt"/>
        <line num="6" count="8" type="cond" truecount="2" falsecount="0"/>
        <line num="7" count="8" type="stmt"/>
        <line num="8" count="6" type="stmt"/>
        <line num="9" count="6" type="cond" truecount="2" falsecount="0"/>
        <line num="10" count="2" type="stmt"/>
        <line num="11" count="4" type="stmt"/>
        <line num="15" count="58" type="stmt"/>
        <line num="16" count="58" type="stmt"/>
        <line num="17" count="58" type="stmt"/>
        <line num="19" count="58" type="cond" truecount="2" falsecount="0"/>
        <line num="20" count="33" type="stmt"/>
        <line num="21" count="25" type="cond" truecount="2" falsecount="0"/>
        <line num="22" count="1" type="stmt"/>
        <line num="23" count="24" type="cond" truecount="2" falsecount="0"/>
        <line num="24" count="1" type="stmt"/>
        <line num="25" count="23" type="cond" truecount="2" falsecount="0"/>
        <line num="26" count="1" type="stmt"/>
        <line num="27" count="22" type="cond" truecount="2" falsecount="0"/>
      </file>
    </package>
  </project>
</coverage>
