{"E:\\workspace\\program\\ai-chat\\ui\\src\\components\\ChatHeader.tsx": {"path":"E:\\workspace\\program\\ai-chat\\ui\\src\\components\\ChatHeader.tsx","statementMap":{"0":{"start":{"line":9,"column":2},"end":{"line":62,"column":null}},"1":{"start":{"line":46,"column":25},"end":{"line":46,"column":null}}},"fnMap":{"0":{"name":"ChatHeader","decl":{"start":{"line":8,"column":16},"end":{"line":8,"column":27}},"loc":{"start":{"line":8,"column":88},"end":{"line":64,"column":null}},"line":8},"1":{"name":"(anonymous_1)","decl":{"start":{"line":46,"column":19},"end":{"line":46,"column":25}},"loc":{"start":{"line":46,"column":25},"end":{"line":46,"column":null}},"line":46}},"branchMap":{"0":{"loc":{"start":{"line":44,"column":7},"end":{"line":60,"column":null}},"type":"binary-expr","locations":[{"start":{"line":44,"column":7},"end":{"line":44,"column":22}},{"start":{"line":44,"column":22},"end":{"line":44,"column":null}},{"start":{"line":45,"column":8},"end":{"line":60,"column":null}}],"line":44},"1":{"loc":{"start":{"line":51,"column":17},"end":{"line":51,"column":null}},"type":"cond-expr","locations":[{"start":{"line":51,"column":31},"end":{"line":51,"column":47}},{"start":{"line":51,"column":47},"end":{"line":51,"column":null}}],"line":51}},"s":{"0":16,"1":4},"f":{"0":16,"1":4},"b":{"0":[16,15,15],"1":[1,14]},"meta":{"lastBranch":2,"lastFunction":2,"lastStatement":2,"seen":{"f:8:16:8:27":0,"s:9:2:62:Infinity":0,"b:44:7:44:22:44:22:44:Infinity:45:8:60:Infinity":0,"f:46:19:46:25":1,"s:46:25:46:Infinity":1,"b:51:31:51:47:51:47:51:Infinity":1}}}
,"E:\\workspace\\program\\ai-chat\\ui\\src\\components\\ChatInput.tsx": {"path":"E:\\workspace\\program\\ai-chat\\ui\\src\\components\\ChatInput.tsx","statementMap":{"0":{"start":{"line":9,"column":24},"end":{"line":9,"column":null}},"1":{"start":{"line":10,"column":28},"end":{"line":10,"column":null}},"2":{"start":{"line":11,"column":8},"end":{"line":11,"column":null}},"3":{"start":{"line":13,"column":2},"end":{"line":16,"column":null}},"4":{"start":{"line":14,"column":4},"end":{"line":15,"column":null}},"5":{"start":{"line":15,"column":6},"end":{"line":15,"column":null}},"6":{"start":{"line":18,"column":2},"end":{"line":24,"column":null}},"7":{"start":{"line":19,"column":15},"end":{"line":19,"column":null}},"8":{"start":{"line":20,"column":4},"end":{"line":21,"column":null}},"9":{"start":{"line":21,"column":6},"end":{"line":21,"column":null}},"10":{"start":{"line":22,"column":4},"end":{"line":22,"column":null}},"11":{"start":{"line":23,"column":4},"end":{"line":23,"column":null}},"12":{"start":{"line":26,"column":15},"end":{"line":32,"column":null}},"13":{"start":{"line":27,"column":20},"end":{"line":27,"column":null}},"14":{"start":{"line":28,"column":4},"end":{"line":29,"column":null}},"15":{"start":{"line":29,"column":6},"end":{"line":29,"column":null}},"16":{"start":{"line":30,"column":4},"end":{"line":30,"column":null}},"17":{"start":{"line":31,"column":4},"end":{"line":31,"column":null}},"18":{"start":{"line":34,"column":24},"end":{"line":39,"column":null}},"19":{"start":{"line":35,"column":4},"end":{"line":38,"column":null}},"20":{"start":{"line":36,"column":6},"end":{"line":36,"column":null}},"21":{"start":{"line":37,"column":6},"end":{"line":37,"column":null}},"22":{"start":{"line":41,"column":18},"end":{"line":41,"column":null}},"23":{"start":{"line":42,"column":17},"end":{"line":42,"column":null}},"24":{"start":{"line":44,"column":2},"end":{"line":100,"column":null}},"25":{"start":{"line":60,"column":25},"end":{"line":60,"column":null}},"26":{"start":{"line":62,"column":25},"end":{"line":62,"column":null}},"27":{"start":{"line":63,"column":24},"end":{"line":63,"column":null}}},"fnMap":{"0":{"name":"ChatInput","decl":{"start":{"line":8,"column":16},"end":{"line":8,"column":26}},"loc":{"start":{"line":8,"column":55},"end":{"line":102,"column":null}},"line":8},"1":{"name":"(anonymous_1)","decl":{"start":{"line":13,"column":12},"end":{"line":13,"column":18}},"loc":{"start":{"line":13,"column":18},"end":{"line":16,"column":5}},"line":13},"2":{"name":"(anonymous_2)","decl":{"start":{"line":18,"column":12},"end":{"line":18,"column":18}},"loc":{"start":{"line":18,"column":18},"end":{"line":24,"column":5}},"line":18},"3":{"name":"(anonymous_3)","decl":{"start":{"line":26,"column":15},"end":{"line":26,"column":21}},"loc":{"start":{"line":26,"column":21},"end":{"line":32,"column":null}},"line":26},"4":{"name":"(anonymous_4)","decl":{"start":{"line":34,"column":24},"end":{"line":34,"column":25}},"loc":{"start":{"line":34,"column":52},"end":{"line":39,"column":null}},"line":34},"5":{"name":"(anonymous_5)","decl":{"start":{"line":60,"column":20},"end":{"line":60,"column":25}},"loc":{"start":{"line":60,"column":25},"end":{"line":60,"column":null}},"line":60},"6":{"name":"(anonymous_6)","decl":{"start":{"line":62,"column":19},"end":{"line":62,"column":25}},"loc":{"start":{"line":62,"column":25},"end":{"line":62,"column":null}},"line":62},"7":{"name":"(anonymous_7)","decl":{"start":{"line":63,"column":18},"end":{"line":63,"column":24}},"loc":{"start":{"line":63,"column":24},"end":{"line":63,"column":null}},"line":63}},"branchMap":{"0":{"loc":{"start":{"line":14,"column":4},"end":{"line":15,"column":null}},"type":"if","locations":[{"start":{"line":14,"column":4},"end":{"line":15,"column":null}},{"start":{},"end":{}}],"line":14},"1":{"loc":{"start":{"line":20,"column":4},"end":{"line":21,"column":null}},"type":"if","locations":[{"start":{"line":20,"column":4},"end":{"line":21,"column":null}},{"start":{},"end":{}}],"line":20},"2":{"loc":{"start":{"line":28,"column":4},"end":{"line":29,"column":null}},"type":"if","locations":[{"start":{"line":28,"column":4},"end":{"line":29,"column":null}},{"start":{},"end":{}}],"line":28},"3":{"loc":{"start":{"line":28,"column":8},"end":{"line":28,"column":null}},"type":"binary-expr","locations":[{"start":{"line":28,"column":8},"end":{"line":28,"column":20}},{"start":{"line":28,"column":20},"end":{"line":28,"column":null}}],"line":28},"4":{"loc":{"start":{"line":35,"column":4},"end":{"line":38,"column":null}},"type":"if","locations":[{"start":{"line":35,"column":4},"end":{"line":38,"column":null}},{"start":{},"end":{}}],"line":35},"5":{"loc":{"start":{"line":35,"column":8},"end":{"line":35,"column":42}},"type":"binary-expr","locations":[{"start":{"line":35,"column":8},"end":{"line":35,"column":29}},{"start":{"line":35,"column":29},"end":{"line":35,"column":42}}],"line":35},"6":{"loc":{"start":{"line":42,"column":17},"end":{"line":42,"column":null}},"type":"binary-expr","locations":[{"start":{"line":42,"column":17},"end":{"line":42,"column":28}},{"start":{"line":42,"column":28},"end":{"line":42,"column":null}}],"line":42},"7":{"loc":{"start":{"line":51,"column":23},"end":{"line":51,"column":null}},"type":"cond-expr","locations":[{"start":{"line":51,"column":33},"end":{"line":51,"column":63}},{"start":{"line":51,"column":63},"end":{"line":51,"column":null}}],"line":51},"8":{"loc":{"start":{"line":52,"column":21},"end":{"line":52,"column":null}},"type":"cond-expr","locations":[{"start":{"line":52,"column":31},"end":{"line":52,"column":61}},{"start":{"line":52,"column":61},"end":{"line":52,"column":null}}],"line":52},"9":{"loc":{"start":{"line":80,"column":20},"end":{"line":80,"column":null}},"type":"binary-expr","locations":[{"start":{"line":80,"column":20},"end":{"line":80,"column":32}},{"start":{"line":80,"column":32},"end":{"line":80,"column":null}}],"line":80},"10":{"loc":{"start":{"line":85,"column":24},"end":{"line":87,"column":null}},"type":"cond-expr","locations":[{"start":{"line":86,"column":16},"end":{"line":86,"column":null}},{"start":{"line":87,"column":16},"end":{"line":87,"column":null}}],"line":85},"11":{"loc":{"start":{"line":88,"column":23},"end":{"line":88,"column":null}},"type":"cond-expr","locations":[{"start":{"line":88,"column":32},"end":{"line":88,"column":55}},{"start":{"line":88,"column":55},"end":{"line":88,"column":null}}],"line":88},"12":{"loc":{"start":{"line":89,"column":21},"end":{"line":89,"column":null}},"type":"cond-expr","locations":[{"start":{"line":89,"column":30},"end":{"line":89,"column":34}},{"start":{"line":89,"column":34},"end":{"line":89,"column":null}}],"line":89}},"s":{"0":40,"1":40,"2":40,"3":40,"4":14,"5":10,"6":40,"7":21,"8":21,"9":0,"10":21,"11":21,"12":40,"13":3,"14":3,"15":1,"16":2,"17":2,"18":40,"19":3,"20":2,"21":2,"22":40,"23":40,"24":40,"25":5,"26":10,"27":3},"f":{"0":40,"1":14,"2":21,"3":3,"4":3,"5":5,"6":10,"7":3},"b":{"0":[10,4],"1":[0,21],"2":[1,2],"3":[3,2],"4":[2,1],"5":[3,3],"6":[40,5],"7":[20,20],"8":[20,20],"9":[40,36],"10":[5,35],"11":[5,35],"12":[5,35]},"meta":{"lastBranch":13,"lastFunction":8,"lastStatement":28,"seen":{"f:8:16:8:26":0,"s:9:24:9:Infinity":0,"s:10:28:10:Infinity":1,"s:11:8:11:Infinity":2,"s:13:2:16:Infinity":3,"f:13:12:13:18":1,"b:14:4:15:Infinity:undefined:undefined:undefined:undefined":0,"s:14:4:15:Infinity":4,"s:15:6:15:Infinity":5,"s:18:2:24:Infinity":6,"f:18:12:18:18":2,"s:19:15:19:Infinity":7,"b:20:4:21:Infinity:undefined:undefined:undefined:undefined":1,"s:20:4:21:Infinity":8,"s:21:6:21:Infinity":9,"s:22:4:22:Infinity":10,"s:23:4:23:Infinity":11,"s:26:15:32:Infinity":12,"f:26:15:26:21":3,"s:27:20:27:Infinity":13,"b:28:4:29:Infinity:undefined:undefined:undefined:undefined":2,"s:28:4:29:Infinity":14,"b:28:8:28:20:28:20:28:Infinity":3,"s:29:6:29:Infinity":15,"s:30:4:30:Infinity":16,"s:31:4:31:Infinity":17,"s:34:24:39:Infinity":18,"f:34:24:34:25":4,"b:35:4:38:Infinity:undefined:undefined:undefined:undefined":4,"s:35:4:38:Infinity":19,"b:35:8:35:29:35:29:35:42":5,"s:36:6:36:Infinity":20,"s:37:6:37:Infinity":21,"s:41:18:41:Infinity":22,"s:42:17:42:Infinity":23,"b:42:17:42:28:42:28:42:Infinity":6,"s:44:2:100:Infinity":24,"b:51:33:51:63:51:63:51:Infinity":7,"b:52:31:52:61:52:61:52:Infinity":8,"f:60:20:60:25":5,"s:60:25:60:Infinity":25,"f:62:19:62:25":6,"s:62:25:62:Infinity":26,"f:63:18:63:24":7,"s:63:24:63:Infinity":27,"b:80:20:80:32:80:32:80:Infinity":9,"b:86:16:86:Infinity:87:16:87:Infinity":10,"b:88:32:88:55:88:55:88:Infinity":11,"b:89:30:89:34:89:34:89:Infinity":12}}}
,"E:\\workspace\\program\\ai-chat\\ui\\src\\components\\ChatWindow.tsx": {"path":"E:\\workspace\\program\\ai-chat\\ui\\src\\components\\ChatWindow.tsx","statementMap":{"0":{"start":{"line":35,"column":46},"end":{"line":35,"column":null}},"1":{"start":{"line":37,"column":2},"end":{"line":95,"column":null}},"2":{"start":{"line":38,"column":4},"end":{"line":93,"column":null}},"3":{"start":{"line":97,"column":2},"end":{"line":136,"column":null}},"4":{"start":{"line":115,"column":106},"end":{"line":115,"column":133}},"5":{"start":{"line":133,"column":27},"end":{"line":133,"column":38}},"6":{"start":{"line":133,"column":38},"end":{"line":133,"column":65}},"7":{"start":{"line":134,"column":24},"end":{"line":134,"column":null}}},"fnMap":{"0":{"name":"ChatWindow","decl":{"start":{"line":22,"column":16},"end":{"line":22,"column":27}},"loc":{"start":{"line":34,"column":10},"end":{"line":138,"column":null}},"line":34},"1":{"name":"(anonymous_1)","decl":{"start":{"line":115,"column":100},"end":{"line":115,"column":106}},"loc":{"start":{"line":115,"column":106},"end":{"line":115,"column":133}},"line":115},"2":{"name":"(anonymous_2)","decl":{"start":{"line":133,"column":19},"end":{"line":133,"column":25}},"loc":{"start":{"line":133,"column":25},"end":{"line":133,"column":null}},"line":133},"3":{"name":"(anonymous_3)","decl":{"start":{"line":134,"column":18},"end":{"line":134,"column":24}},"loc":{"start":{"line":134,"column":24},"end":{"line":134,"column":null}},"line":134}},"branchMap":{"0":{"loc":{"start":{"line":37,"column":2},"end":{"line":95,"column":null}},"type":"if","locations":[{"start":{"line":37,"column":2},"end":{"line":95,"column":null}},{"start":{},"end":{}}],"line":37},"1":{"loc":{"start":{"line":69,"column":26},"end":{"line":69,"column":null}},"type":"cond-expr","locations":[{"start":{"line":69,"column":40},"end":{"line":69,"column":64}},{"start":{"line":69,"column":64},"end":{"line":69,"column":null}}],"line":69},"2":{"loc":{"start":{"line":70,"column":21},"end":{"line":70,"column":null}},"type":"cond-expr","locations":[{"start":{"line":70,"column":35},"end":{"line":70,"column":53}},{"start":{"line":70,"column":53},"end":{"line":70,"column":null}}],"line":70},"3":{"loc":{"start":{"line":72,"column":27},"end":{"line":72,"column":null}},"type":"cond-expr","locations":[{"start":{"line":72,"column":41},"end":{"line":72,"column":65}},{"start":{"line":72,"column":65},"end":{"line":72,"column":null}}],"line":72},"4":{"loc":{"start":{"line":76,"column":13},"end":{"line":76,"column":null}},"type":"cond-expr","locations":[{"start":{"line":76,"column":27},"end":{"line":76,"column":35}},{"start":{"line":76,"column":35},"end":{"line":76,"column":null}}],"line":76},"5":{"loc":{"start":{"line":78,"column":11},"end":{"line":90,"column":null}},"type":"binary-expr","locations":[{"start":{"line":78,"column":11},"end":{"line":78,"column":null}},{"start":{"line":79,"column":12},"end":{"line":90,"column":null}}],"line":78},"6":{"loc":{"start":{"line":89,"column":15},"end":{"line":89,"column":null}},"type":"cond-expr","locations":[{"start":{"line":89,"column":34},"end":{"line":89,"column":43}},{"start":{"line":89,"column":43},"end":{"line":89,"column":null}}],"line":89},"7":{"loc":{"start":{"line":99,"column":7},"end":{"line":112,"column":null}},"type":"binary-expr","locations":[{"start":{"line":99,"column":7},"end":{"line":99,"column":null}},{"start":{"line":100,"column":8},"end":{"line":112,"column":null}}],"line":99},"8":{"loc":{"start":{"line":110,"column":13},"end":{"line":110,"column":null}},"type":"cond-expr","locations":[{"start":{"line":110,"column":32},"end":{"line":110,"column":41}},{"start":{"line":110,"column":41},"end":{"line":110,"column":null}}],"line":110},"9":{"loc":{"start":{"line":126,"column":43},"end":{"line":126,"column":85}},"type":"binary-expr","locations":[{"start":{"line":126,"column":43},"end":{"line":126,"column":58}},{"start":{"line":126,"column":58},"end":{"line":126,"column":71}},{"start":{"line":126,"column":71},"end":{"line":126,"column":85}}],"line":126}},"s":{"0":14,"1":14,"2":2,"3":12,"4":3,"5":1,"6":1,"7":2},"f":{"0":14,"1":3,"2":1,"3":2},"b":{"0":[2,12],"1":[1,1],"2":[1,1],"3":[1,1],"4":[1,1],"5":[2,1],"6":[1,0],"7":[12,2],"8":[2,0],"9":[14,12,12]},"meta":{"lastBranch":10,"lastFunction":4,"lastStatement":8,"seen":{"f:22:16:22:27":0,"s:35:46:35:Infinity":0,"b:37:2:95:Infinity:undefined:undefined:undefined:undefined":0,"s:37:2:95:Infinity":1,"s:38:4:93:Infinity":2,"b:69:40:69:64:69:64:69:Infinity":1,"b:70:35:70:53:70:53:70:Infinity":2,"b:72:41:72:65:72:65:72:Infinity":3,"b:76:27:76:35:76:35:76:Infinity":4,"b:78:11:78:Infinity:79:12:90:Infinity":5,"b:89:34:89:43:89:43:89:Infinity":6,"s:97:2:136:Infinity":3,"b:99:7:99:Infinity:100:8:112:Infinity":7,"b:110:32:110:41:110:41:110:Infinity":8,"f:115:100:115:106":1,"s:115:106:115:133":4,"b:126:43:126:58:126:58:126:71:126:71:126:85":9,"f:133:19:133:25":2,"s:133:27:133:38":5,"s:133:38:133:65":6,"f:134:18:134:24":3,"s:134:24:134:Infinity":7}}}
,"E:\\workspace\\program\\ai-chat\\ui\\src\\components\\ConfirmDialog.tsx": {"path":"E:\\workspace\\program\\ai-chat\\ui\\src\\components\\ConfirmDialog.tsx","statementMap":{"0":{"start":{"line":14,"column":8},"end":{"line":14,"column":null}},"1":{"start":{"line":16,"column":2},"end":{"line":25,"column":null}},"2":{"start":{"line":17,"column":4},"end":{"line":24,"column":null}},"3":{"start":{"line":18,"column":6},"end":{"line":18,"column":null}},"4":{"start":{"line":19,"column":22},"end":{"line":21,"column":null}},"5":{"start":{"line":20,"column":8},"end":{"line":20,"column":null}},"6":{"start":{"line":20,"column":32},"end":{"line":20,"column":null}},"7":{"start":{"line":22,"column":6},"end":{"line":22,"column":null}},"8":{"start":{"line":23,"column":6},"end":{"line":23,"column":null}},"9":{"start":{"line":23,"column":19},"end":{"line":23,"column":null}},"10":{"start":{"line":27,"column":2},"end":{"line":27,"column":null}},"11":{"start":{"line":27,"column":13},"end":{"line":27,"column":null}},"12":{"start":{"line":29,"column":2},"end":{"line":76,"column":null}},"13":{"start":{"line":44,"column":22},"end":{"line":44,"column":null}}},"fnMap":{"0":{"name":"ConfirmDialog","decl":{"start":{"line":13,"column":16},"end":{"line":13,"column":30}},"loc":{"start":{"line":13,"column":125},"end":{"line":78,"column":null}},"line":13},"1":{"name":"(anonymous_1)","decl":{"start":{"line":16,"column":12},"end":{"line":16,"column":18}},"loc":{"start":{"line":16,"column":18},"end":{"line":25,"column":5}},"line":16},"2":{"name":"(anonymous_2)","decl":{"start":{"line":19,"column":22},"end":{"line":19,"column":23}},"loc":{"start":{"line":19,"column":44},"end":{"line":21,"column":null}},"line":19},"3":{"name":"(anonymous_3)","decl":{"start":{"line":23,"column":13},"end":{"line":23,"column":19}},"loc":{"start":{"line":23,"column":19},"end":{"line":23,"column":null}},"line":23},"4":{"name":"(anonymous_4)","decl":{"start":{"line":44,"column":17},"end":{"line":44,"column":22}},"loc":{"start":{"line":44,"column":22},"end":{"line":44,"column":null}},"line":44}},"branchMap":{"0":{"loc":{"start":{"line":13,"column":54},"end":{"line":13,"column":75}},"type":"default-arg","locations":[{"start":{"line":13,"column":69},"end":{"line":13,"column":75}}],"line":13},"1":{"loc":{"start":{"line":13,"column":75},"end":{"line":13,"column":95}},"type":"default-arg","locations":[{"start":{"line":13,"column":89},"end":{"line":13,"column":95}}],"line":13},"2":{"loc":{"start":{"line":17,"column":4},"end":{"line":24,"column":null}},"type":"if","locations":[{"start":{"line":17,"column":4},"end":{"line":24,"column":null}},{"start":{},"end":{}}],"line":17},"3":{"loc":{"start":{"line":20,"column":8},"end":{"line":20,"column":null}},"type":"if","locations":[{"start":{"line":20,"column":8},"end":{"line":20,"column":null}},{"start":{},"end":{}}],"line":20},"4":{"loc":{"start":{"line":27,"column":2},"end":{"line":27,"column":null}},"type":"if","locations":[{"start":{"line":27,"column":2},"end":{"line":27,"column":null}},{"start":{},"end":{}}],"line":27}},"s":{"0":12,"1":12,"2":12,"3":3,"4":3,"5":1,"6":1,"7":3,"8":3,"9":3,"10":12,"11":9,"12":3,"13":2},"f":{"0":12,"1":12,"2":1,"3":3,"4":2},"b":{"0":[12],"1":[12],"2":[3,9],"3":[1,0],"4":[9,3]},"meta":{"lastBranch":5,"lastFunction":5,"lastStatement":14,"seen":{"f:13:16:13:30":0,"b:13:69:13:75":0,"b:13:89:13:95":1,"s:14:8:14:Infinity":0,"s:16:2:25:Infinity":1,"f:16:12:16:18":1,"b:17:4:24:Infinity:undefined:undefined:undefined:undefined":2,"s:17:4:24:Infinity":2,"s:18:6:18:Infinity":3,"s:19:22:21:Infinity":4,"f:19:22:19:23":2,"b:20:8:20:Infinity:undefined:undefined:undefined:undefined":3,"s:20:8:20:Infinity":5,"s:20:32:20:Infinity":6,"s:22:6:22:Infinity":7,"s:23:6:23:Infinity":8,"f:23:13:23:19":3,"s:23:19:23:Infinity":9,"b:27:2:27:Infinity:undefined:undefined:undefined:undefined":4,"s:27:2:27:Infinity":10,"s:27:13:27:Infinity":11,"s:29:2:76:Infinity":12,"f:44:17:44:22":4,"s:44:22:44:Infinity":13}}}
,"E:\\workspace\\program\\ai-chat\\ui\\src\\components\\ConversationList.tsx": {"path":"E:\\workspace\\program\\ai-chat\\ui\\src\\components\\ConversationList.tsx","statementMap":{"0":{"start":{"line":18,"column":2},"end":{"line":23,"column":null}},"1":{"start":{"line":28,"column":28},"end":{"line":31,"column":null}},"2":{"start":{"line":29,"column":4},"end":{"line":30,"column":null}},"3":{"start":{"line":29,"column":10},"end":{"line":29,"column":70}},"4":{"start":{"line":30,"column":12},"end":{"line":30,"column":25}},"5":{"start":{"line":32,"column":26},"end":{"line":32,"column":null}},"6":{"start":{"line":33,"column":8},"end":{"line":33,"column":null}},"7":{"start":{"line":36,"column":2},"end":{"line":55,"column":null}},"8":{"start":{"line":37,"column":4},"end":{"line":37,"column":null}},"9":{"start":{"line":37,"column":22},"end":{"line":37,"column":null}},"10":{"start":{"line":38,"column":15},"end":{"line":38,"column":null}},"11":{"start":{"line":39,"column":4},"end":{"line":39,"column":null}},"12":{"start":{"line":39,"column":13},"end":{"line":39,"column":null}},"13":{"start":{"line":40,"column":22},"end":{"line":40,"column":null}},"14":{"start":{"line":41,"column":18},"end":{"line":41,"column":null}},"15":{"start":{"line":42,"column":17},"end":{"line":42,"column":null}},"16":{"start":{"line":43,"column":4},"end":{"line":43,"column":null}},"17":{"start":{"line":45,"column":17},"end":{"line":52,"column":null}},"18":{"start":{"line":46,"column":6},"end":{"line":46,"column":null}},"19":{"start":{"line":46,"column":27},"end":{"line":46,"column":null}},"20":{"start":{"line":47,"column":6},"end":{"line":51,"column":null}},"21":{"start":{"line":48,"column":8},"end":{"line":48,"column":null}},"22":{"start":{"line":48,"column":48},"end":{"line":48,"column":68}},"23":{"start":{"line":48,"column":68},"end":{"line":48,"column":82}},"24":{"start":{"line":50,"column":8},"end":{"line":50,"column":null}},"25":{"start":{"line":50,"column":47},"end":{"line":50,"column":67}},"26":{"start":{"line":50,"column":67},"end":{"line":50,"column":82}},"27":{"start":{"line":53,"column":4},"end":{"line":53,"column":null}},"28":{"start":{"line":54,"column":4},"end":{"line":54,"column":null}},"29":{"start":{"line":54,"column":17},"end":{"line":54,"column":null}},"30":{"start":{"line":58,"column":12},"end":{"line":58,"column":null}},"31":{"start":{"line":59,"column":8},"end":{"line":65,"column":null}},"32":{"start":{"line":60,"column":4},"end":{"line":60,"column":null}},"33":{"start":{"line":60,"column":12},"end":{"line":60,"column":null}},"34":{"start":{"line":61,"column":4},"end":{"line":64,"column":null}},"35":{"start":{"line":62,"column":6},"end":{"line":62,"column":null}},"36":{"start":{"line":62,"column":45},"end":{"line":62,"column":null}},"37":{"start":{"line":63,"column":6},"end":{"line":63,"column":null}},"38":{"start":{"line":63,"column":34},"end":{"line":63,"column":69}},"39":{"start":{"line":68,"column":17},"end":{"line":68,"column":null}},"40":{"start":{"line":69,"column":2},"end":{"line":74,"column":null}},"41":{"start":{"line":70,"column":10},"end":{"line":70,"column":null}},"42":{"start":{"line":71,"column":17},"end":{"line":71,"column":null}},"43":{"start":{"line":72,"column":4},"end":{"line":72,"column":null}},"44":{"start":{"line":73,"column":4},"end":{"line":73,"column":null}},"45":{"start":{"line":75,"column":21},"end":{"line":75,"column":null}},"46":{"start":{"line":78,"column":4},"end":{"line":333,"column":null}},"47":{"start":{"line":152,"column":27},"end":{"line":152,"column":null}},"48":{"start":{"line":163,"column":29},"end":{"line":163,"column":null}},"49":{"start":{"line":201,"column":25},"end":{"line":201,"column":null}},"50":{"start":{"line":202,"column":12},"end":{"line":203,"column":null}},"51":{"start":{"line":203,"column":14},"end":{"line":203,"column":null}},"52":{"start":{"line":204,"column":12},"end":{"line":275,"column":null}},"53":{"start":{"line":208,"column":33},"end":{"line":208,"column":null}},"54":{"start":{"line":209,"column":34},"end":{"line":209,"column":null}},"55":{"start":{"line":211,"column":18},"end":{"line":272,"column":null}},"56":{"start":{"line":214,"column":39},"end":{"line":214,"column":55}},"57":{"start":{"line":214,"column":55},"end":{"line":214,"column":69}},"58":{"start":{"line":215,"column":42},"end":{"line":215,"column":136}},"59":{"start":{"line":215,"column":84},"end":{"line":215,"column":104}},"60":{"start":{"line":215,"column":104},"end":{"line":215,"column":120}},"61":{"start":{"line":215,"column":120},"end":{"line":215,"column":134}},"62":{"start":{"line":240,"column":42},"end":{"line":240,"column":63}},"63":{"start":{"line":240,"column":63},"end":{"line":240,"column":78}},"64":{"start":{"line":300,"column":25},"end":{"line":300,"column":null}},"65":{"start":{"line":301,"column":12},"end":{"line":301,"column":null}},"66":{"start":{"line":302,"column":24},"end":{"line":302,"column":null}},"67":{"start":{"line":303,"column":12},"end":{"line":303,"column":null}},"68":{"start":{"line":304,"column":12},"end":{"line":305,"column":null}},"69":{"start":{"line":304,"column":18},"end":{"line":304,"column":77}},"70":{"start":{"line":336,"column":2},"end":{"line":361,"column":null}}},"fnMap":{"0":{"name":"SectionHeader","decl":{"start":{"line":17,"column":9},"end":{"line":17,"column":23}},"loc":{"start":{"line":17,"column":53},"end":{"line":25,"column":null}},"line":17},"1":{"name":"ConversationList","decl":{"start":{"line":27,"column":16},"end":{"line":27,"column":33}},"loc":{"start":{"line":27,"column":152},"end":{"line":363,"column":null}},"line":27},"2":{"name":"(anonymous_2)","decl":{"start":{"line":28,"column":41},"end":{"line":28,"column":47}},"loc":{"start":{"line":28,"column":47},"end":{"line":31,"column":3}},"line":28},"3":{"name":"(anonymous_3)","decl":{"start":{"line":36,"column":12},"end":{"line":36,"column":18}},"loc":{"start":{"line":36,"column":18},"end":{"line":55,"column":5}},"line":36},"4":{"name":"(anonymous_4)","decl":{"start":{"line":45,"column":17},"end":{"line":45,"column":18}},"loc":{"start":{"line":45,"column":39},"end":{"line":52,"column":null}},"line":45},"5":{"name":"(anonymous_5)","decl":{"start":{"line":54,"column":11},"end":{"line":54,"column":17}},"loc":{"start":{"line":54,"column":17},"end":{"line":54,"column":null}},"line":54},"6":{"name":"(anonymous_6)","decl":{"start":{"line":59,"column":27},"end":{"line":59,"column":33}},"loc":{"start":{"line":59,"column":33},"end":{"line":65,"column":5}},"line":59},"7":{"name":"(anonymous_7)","decl":{"start":{"line":61,"column":32},"end":{"line":61,"column":33}},"loc":{"start":{"line":61,"column":39},"end":{"line":64,"column":5}},"line":61},"8":{"name":"(anonymous_8)","decl":{"start":{"line":63,"column":29},"end":{"line":63,"column":34}},"loc":{"start":{"line":63,"column":34},"end":{"line":63,"column":69}},"line":63},"9":{"name":"(anonymous_9)","decl":{"start":{"line":152,"column":22},"end":{"line":152,"column":27}},"loc":{"start":{"line":152,"column":27},"end":{"line":152,"column":null}},"line":152},"10":{"name":"(anonymous_10)","decl":{"start":{"line":163,"column":23},"end":{"line":163,"column":29}},"loc":{"start":{"line":163,"column":29},"end":{"line":163,"column":null}},"line":163},"11":{"name":"(anonymous_11)","decl":{"start":{"line":200,"column":25},"end":{"line":200,"column":26}},"loc":{"start":{"line":200,"column":36},"end":{"line":277,"column":11}},"line":200},"12":{"name":"(anonymous_12)","decl":{"start":{"line":207,"column":26},"end":{"line":207,"column":27}},"loc":{"start":{"line":207,"column":33},"end":{"line":274,"column":17}},"line":207},"13":{"name":"(anonymous_13)","decl":{"start":{"line":214,"column":31},"end":{"line":214,"column":37}},"loc":{"start":{"line":214,"column":37},"end":{"line":214,"column":null}},"line":214},"14":{"name":"(anonymous_14)","decl":{"start":{"line":215,"column":33},"end":{"line":215,"column":34}},"loc":{"start":{"line":215,"column":40},"end":{"line":215,"column":null}},"line":215},"15":{"name":"(anonymous_15)","decl":{"start":{"line":240,"column":33},"end":{"line":240,"column":34}},"loc":{"start":{"line":240,"column":40},"end":{"line":240,"column":null}},"line":240},"16":{"name":"(anonymous_16)","decl":{"start":{"line":299,"column":19},"end":{"line":299,"column":25}},"loc":{"start":{"line":299,"column":25},"end":{"line":306,"column":null}},"line":299}},"branchMap":{"0":{"loc":{"start":{"line":37,"column":4},"end":{"line":37,"column":null}},"type":"if","locations":[{"start":{"line":37,"column":4},"end":{"line":37,"column":null}},{"start":{},"end":{}}],"line":37},"1":{"loc":{"start":{"line":39,"column":4},"end":{"line":39,"column":null}},"type":"if","locations":[{"start":{"line":39,"column":4},"end":{"line":39,"column":null}},{"start":{},"end":{}}],"line":39},"2":{"loc":{"start":{"line":46,"column":6},"end":{"line":46,"column":null}},"type":"if","locations":[{"start":{"line":46,"column":6},"end":{"line":46,"column":null}},{"start":{},"end":{}}],"line":46},"3":{"loc":{"start":{"line":47,"column":6},"end":{"line":51,"column":null}},"type":"if","locations":[{"start":{"line":47,"column":6},"end":{"line":51,"column":null}},{"start":{"line":49,"column":13},"end":{"line":51,"column":null}}],"line":47},"4":{"loc":{"start":{"line":48,"column":8},"end":{"line":48,"column":null}},"type":"if","locations":[{"start":{"line":48,"column":8},"end":{"line":48,"column":null}},{"start":{},"end":{}}],"line":48},"5":{"loc":{"start":{"line":50,"column":8},"end":{"line":50,"column":null}},"type":"if","locations":[{"start":{"line":50,"column":8},"end":{"line":50,"column":null}},{"start":{},"end":{}}],"line":50},"6":{"loc":{"start":{"line":60,"column":4},"end":{"line":60,"column":null}},"type":"if","locations":[{"start":{"line":60,"column":4},"end":{"line":60,"column":null}},{"start":{},"end":{}}],"line":60},"7":{"loc":{"start":{"line":62,"column":6},"end":{"line":62,"column":null}},"type":"if","locations":[{"start":{"line":62,"column":6},"end":{"line":62,"column":null}},{"start":{},"end":{}}],"line":62},"8":{"loc":{"start":{"line":71,"column":17},"end":{"line":71,"column":null}},"type":"binary-expr","locations":[{"start":{"line":71,"column":17},"end":{"line":71,"column":38}},{"start":{"line":71,"column":38},"end":{"line":71,"column":null}}],"line":71},"9":{"loc":{"start":{"line":116,"column":20},"end":{"line":116,"column":null}},"type":"binary-expr","locations":[{"start":{"line":116,"column":20},"end":{"line":116,"column":34}},{"start":{"line":116,"column":34},"end":{"line":116,"column":null}}],"line":116},"10":{"loc":{"start":{"line":119,"column":24},"end":{"line":121,"column":null}},"type":"cond-expr","locations":[{"start":{"line":120,"column":16},"end":{"line":120,"column":null}},{"start":{"line":121,"column":16},"end":{"line":121,"column":null}}],"line":119},"11":{"loc":{"start":{"line":119,"column":24},"end":{"line":119,"column":null}},"type":"binary-expr","locations":[{"start":{"line":119,"column":24},"end":{"line":119,"column":38}},{"start":{"line":119,"column":38},"end":{"line":119,"column":null}}],"line":119},"12":{"loc":{"start":{"line":123,"column":23},"end":{"line":123,"column":null}},"type":"cond-expr","locations":[{"start":{"line":123,"column":52},"end":{"line":123,"column":61}},{"start":{"line":123,"column":61},"end":{"line":123,"column":null}}],"line":123},"13":{"loc":{"start":{"line":123,"column":23},"end":{"line":123,"column":52}},"type":"binary-expr","locations":[{"start":{"line":123,"column":23},"end":{"line":123,"column":37}},{"start":{"line":123,"column":37},"end":{"line":123,"column":52}}],"line":123},"14":{"loc":{"start":{"line":126,"column":17},"end":{"line":126,"column":null}},"type":"cond-expr","locations":[{"start":{"line":126,"column":31},"end":{"line":126,"column":40}},{"start":{"line":126,"column":40},"end":{"line":126,"column":null}}],"line":126},"15":{"loc":{"start":{"line":138,"column":31},"end":{"line":138,"column":70}},"type":"cond-expr","locations":[{"start":{"line":138,"column":35},"end":{"line":138,"column":63}},{"start":{"line":138,"column":63},"end":{"line":138,"column":70}}],"line":138},"16":{"loc":{"start":{"line":161,"column":11},"end":{"line":172,"column":null}},"type":"binary-expr","locations":[{"start":{"line":161,"column":11},"end":{"line":161,"column":null}},{"start":{"line":162,"column":12},"end":{"line":172,"column":null}}],"line":161},"17":{"loc":{"start":{"line":179,"column":9},"end":{"line":277,"column":null}},"type":"cond-expr","locations":[{"start":{"line":180,"column":10},"end":{"line":183,"column":null}},{"start":{"line":184,"column":12},"end":{"line":277,"column":null}}],"line":179},"18":{"loc":{"start":{"line":179,"column":9},"end":{"line":179,"column":null}},"type":"binary-expr","locations":[{"start":{"line":179,"column":9},"end":{"line":179,"column":14}},{"start":{"line":179,"column":14},"end":{"line":179,"column":null}}],"line":179},"19":{"loc":{"start":{"line":184,"column":12},"end":{"line":277,"column":null}},"type":"cond-expr","locations":[{"start":{"line":185,"column":10},"end":{"line":198,"column":null}},{"start":{"line":200,"column":10},"end":{"line":277,"column":null}}],"line":184},"20":{"loc":{"start":{"line":202,"column":12},"end":{"line":203,"column":null}},"type":"if","locations":[{"start":{"line":202,"column":12},"end":{"line":203,"column":null}},{"start":{},"end":{}}],"line":202},"21":{"loc":{"start":{"line":202,"column":16},"end":{"line":202,"column":null}},"type":"binary-expr","locations":[{"start":{"line":202,"column":16},"end":{"line":202,"column":25}},{"start":{"line":202,"column":25},"end":{"line":202,"column":null}}],"line":202},"22":{"loc":{"start":{"line":215,"column":42},"end":{"line":215,"column":136}},"type":"if","locations":[{"start":{"line":215,"column":42},"end":{"line":215,"column":136}},{"start":{},"end":{}}],"line":215},"23":{"loc":{"start":{"line":215,"column":46},"end":{"line":215,"column":82}},"type":"binary-expr","locations":[{"start":{"line":215,"column":46},"end":{"line":215,"column":67}},{"start":{"line":215,"column":67},"end":{"line":215,"column":82}}],"line":215},"24":{"loc":{"start":{"line":220,"column":36},"end":{"line":222,"column":null}},"type":"cond-expr","locations":[{"start":{"line":221,"column":28},"end":{"line":221,"column":null}},{"start":{"line":222,"column":28},"end":{"line":222,"column":null}}],"line":220},"25":{"loc":{"start":{"line":224,"column":37},"end":{"line":226,"column":null}},"type":"cond-expr","locations":[{"start":{"line":225,"column":28},"end":{"line":225,"column":null}},{"start":{"line":226,"column":28},"end":{"line":226,"column":null}}],"line":224},"26":{"loc":{"start":{"line":229,"column":23},"end":{"line":235,"column":null}},"type":"binary-expr","locations":[{"start":{"line":229,"column":23},"end":{"line":229,"column":null}},{"start":{"line":230,"column":24},"end":{"line":235,"column":null}}],"line":229},"27":{"loc":{"start":{"line":242,"column":26},"end":{"line":242,"column":null}},"type":"cond-expr","locations":[{"start":{"line":242,"column":35},"end":{"line":242,"column":51}},{"start":{"line":242,"column":51},"end":{"line":242,"column":null}}],"line":242},"28":{"loc":{"start":{"line":259,"column":27},"end":{"line":262,"column":null}},"type":"binary-expr","locations":[{"start":{"line":259,"column":27},"end":{"line":259,"column":null}},{"start":{"line":260,"column":28},"end":{"line":262,"column":null}}],"line":259},"29":{"loc":{"start":{"line":267,"column":42},"end":{"line":267,"column":97}},"type":"cond-expr","locations":[{"start":{"line":267,"column":51},"end":{"line":267,"column":77}},{"start":{"line":267,"column":77},"end":{"line":267,"column":97}}],"line":267},"30":{"loc":{"start":{"line":269,"column":27},"end":{"line":269,"column":null}},"type":"cond-expr","locations":[{"start":{"line":269,"column":37},"end":{"line":269,"column":68}},{"start":{"line":269,"column":68},"end":{"line":269,"column":null}}],"line":269},"31":{"loc":{"start":{"line":304,"column":53},"end":{"line":304,"column":75}},"type":"cond-expr","locations":[{"start":{"line":304,"column":59},"end":{"line":304,"column":69}},{"start":{"line":304,"column":69},"end":{"line":304,"column":75}}],"line":304},"32":{"loc":{"start":{"line":309,"column":22},"end":{"line":309,"column":null}},"type":"cond-expr","locations":[{"start":{"line":309,"column":32},"end":{"line":309,"column":44}},{"start":{"line":309,"column":44},"end":{"line":309,"column":null}}],"line":309},"33":{"loc":{"start":{"line":310,"column":17},"end":{"line":310,"column":null}},"type":"cond-expr","locations":[{"start":{"line":310,"column":27},"end":{"line":310,"column":37}},{"start":{"line":310,"column":37},"end":{"line":310,"column":null}}],"line":310},"34":{"loc":{"start":{"line":312,"column":11},"end":{"line":329,"column":null}},"type":"cond-expr","locations":[{"start":{"line":314,"column":16},"end":{"line":316,"column":null}},{"start":{"line":319,"column":16},"end":{"line":329,"column":null}}],"line":312},"35":{"loc":{"start":{"line":345,"column":83},"end":{"line":345,"column":164}},"type":"cond-expr","locations":[{"start":{"line":345,"column":97},"end":{"line":345,"column":133}},{"start":{"line":345,"column":133},"end":{"line":345,"column":164}}],"line":345},"36":{"loc":{"start":{"line":356,"column":84},"end":{"line":356,"column":135}},"type":"cond-expr","locations":[{"start":{"line":356,"column":98},"end":{"line":356,"column":116}},{"start":{"line":356,"column":116},"end":{"line":356,"column":135}}],"line":356}},"s":{"0":36,"1":21,"2":15,"3":15,"4":0,"5":21,"6":21,"7":21,"8":15,"9":13,"10":2,"11":2,"12":0,"13":2,"14":2,"15":2,"16":2,"17":15,"18":2,"19":0,"20":2,"21":1,"22":0,"23":0,"24":1,"25":1,"26":1,"27":15,"28":15,"29":2,"30":21,"31":21,"32":19,"33":16,"34":3,"35":4,"36":2,"37":2,"38":0,"39":21,"40":21,"41":20,"42":20,"43":20,"44":20,"45":21,"46":21,"47":3,"48":1,"49":90,"50":90,"51":72,"52":18,"53":20,"54":20,"55":20,"56":1,"57":1,"58":1,"59":1,"60":1,"61":1,"62":1,"63":1,"64":2,"65":2,"66":2,"67":2,"68":2,"69":2,"70":21},"f":{"0":36,"1":21,"2":15,"3":15,"4":2,"5":2,"6":19,"7":4,"8":0,"9":3,"10":1,"11":90,"12":20,"13":1,"14":1,"15":1,"16":2},"b":{"0":[13,2],"1":[0,2],"2":[0,2],"3":[1,1],"4":[0,1],"5":[1,0],"6":[16,3],"7":[2,2],"8":[20,18],"9":[21,2],"10":[19,2],"11":[21,2],"12":[19,2],"13":[21,2],"14":[21,0],"15":[3,18],"16":[21,3],"17":[1,20],"18":[21,3],"19":[2,18],"20":[72,18],"21":[90,18],"22":[1,0],"23":[1,0],"24":[9,11],"25":[9,11],"26":[20,9],"27":[9,11],"28":[20,3],"29":[9,11],"30":[3,17],"31":[1,1],"32":[1,20],"33":[1,20],"34":[1,20],"35":[2,19],"36":[2,19]},"meta":{"lastBranch":37,"lastFunction":17,"lastStatement":71,"seen":{"f:17:9:17:23":0,"s:18:2:23:Infinity":0,"f:27:16:27:33":1,"s:28:28:31:Infinity":1,"f:28:41:28:47":2,"s:29:4:30:Infinity":2,"s:29:10:29:70":3,"s:30:12:30:25":4,"s:32:26:32:Infinity":5,"s:33:8:33:Infinity":6,"s:36:2:55:Infinity":7,"f:36:12:36:18":3,"b:37:4:37:Infinity:undefined:undefined:undefined:undefined":0,"s:37:4:37:Infinity":8,"s:37:22:37:Infinity":9,"s:38:15:38:Infinity":10,"b:39:4:39:Infinity:undefined:undefined:undefined:undefined":1,"s:39:4:39:Infinity":11,"s:39:13:39:Infinity":12,"s:40:22:40:Infinity":13,"s:41:18:41:Infinity":14,"s:42:17:42:Infinity":15,"s:43:4:43:Infinity":16,"s:45:17:52:Infinity":17,"f:45:17:45:18":4,"b:46:6:46:Infinity:undefined:undefined:undefined:undefined":2,"s:46:6:46:Infinity":18,"s:46:27:46:Infinity":19,"b:47:6:51:Infinity:49:13:51:Infinity":3,"s:47:6:51:Infinity":20,"b:48:8:48:Infinity:undefined:undefined:undefined:undefined":4,"s:48:8:48:Infinity":21,"s:48:48:48:68":22,"s:48:68:48:82":23,"b:50:8:50:Infinity:undefined:undefined:undefined:undefined":5,"s:50:8:50:Infinity":24,"s:50:47:50:67":25,"s:50:67:50:82":26,"s:53:4:53:Infinity":27,"s:54:4:54:Infinity":28,"f:54:11:54:17":5,"s:54:17:54:Infinity":29,"s:58:12:58:Infinity":30,"s:59:8:65:Infinity":31,"f:59:27:59:33":6,"b:60:4:60:Infinity:undefined:undefined:undefined:undefined":6,"s:60:4:60:Infinity":32,"s:60:12:60:Infinity":33,"s:61:4:64:Infinity":34,"f:61:32:61:33":7,"b:62:6:62:Infinity:undefined:undefined:undefined:undefined":7,"s:62:6:62:Infinity":35,"s:62:45:62:Infinity":36,"s:63:6:63:Infinity":37,"f:63:29:63:34":8,"s:63:34:63:69":38,"s:68:17:68:Infinity":39,"s:69:2:74:Infinity":40,"s:70:10:70:Infinity":41,"s:71:17:71:Infinity":42,"b:71:17:71:38:71:38:71:Infinity":8,"s:72:4:72:Infinity":43,"s:73:4:73:Infinity":44,"s:75:21:75:Infinity":45,"s:78:4:333:Infinity":46,"b:116:20:116:34:116:34:116:Infinity":9,"b:120:16:120:Infinity:121:16:121:Infinity":10,"b:119:24:119:38:119:38:119:Infinity":11,"b:123:52:123:61:123:61:123:Infinity":12,"b:123:23:123:37:123:37:123:52":13,"b:126:31:126:40:126:40:126:Infinity":14,"b:138:35:138:63:138:63:138:70":15,"f:152:22:152:27":9,"s:152:27:152:Infinity":47,"b:161:11:161:Infinity:162:12:172:Infinity":16,"f:163:23:163:29":10,"s:163:29:163:Infinity":48,"b:180:10:183:Infinity:184:12:277:Infinity":17,"b:179:9:179:14:179:14:179:Infinity":18,"b:185:10:198:Infinity:200:10:277:Infinity":19,"f:200:25:200:26":11,"s:201:25:201:Infinity":49,"b:202:12:203:Infinity:undefined:undefined:undefined:undefined":20,"s:202:12:203:Infinity":50,"b:202:16:202:25:202:25:202:Infinity":21,"s:203:14:203:Infinity":51,"s:204:12:275:Infinity":52,"f:207:26:207:27":12,"s:208:33:208:Infinity":53,"s:209:34:209:Infinity":54,"s:211:18:272:Infinity":55,"f:214:31:214:37":13,"s:214:39:214:55":56,"s:214:55:214:69":57,"f:215:33:215:34":14,"b:215:42:215:136:undefined:undefined:undefined:undefined":22,"s:215:42:215:136":58,"b:215:46:215:67:215:67:215:82":23,"s:215:84:215:104":59,"s:215:104:215:120":60,"s:215:120:215:134":61,"b:221:28:221:Infinity:222:28:222:Infinity":24,"b:225:28:225:Infinity:226:28:226:Infinity":25,"b:229:23:229:Infinity:230:24:235:Infinity":26,"f:240:33:240:34":15,"s:240:42:240:63":62,"s:240:63:240:78":63,"b:242:35:242:51:242:51:242:Infinity":27,"b:259:27:259:Infinity:260:28:262:Infinity":28,"b:267:51:267:77:267:77:267:97":29,"b:269:37:269:68:269:68:269:Infinity":30,"f:299:19:299:25":16,"s:300:25:300:Infinity":64,"s:301:12:301:Infinity":65,"s:302:24:302:Infinity":66,"s:303:12:303:Infinity":67,"s:304:12:305:Infinity":68,"s:304:18:304:77":69,"b:304:59:304:69:304:69:304:75":31,"b:309:32:309:44:309:44:309:Infinity":32,"b:310:27:310:37:310:37:310:Infinity":33,"b:314:16:316:Infinity:319:16:329:Infinity":34,"s:336:2:361:Infinity":70,"b:345:97:345:133:345:133:345:164":35,"b:356:98:356:116:356:116:356:135":36}}}
,"E:\\workspace\\program\\ai-chat\\ui\\src\\components\\ErrorBoundary.tsx": {"path":"E:\\workspace\\program\\ai-chat\\ui\\src\\components\\ErrorBoundary.tsx","statementMap":{"0":{"start":{"line":7,"column":17},"end":{"line":7,"column":null}},"1":{"start":{"line":10,"column":4},"end":{"line":10,"column":null}},"2":{"start":{"line":14,"column":4},"end":{"line":14,"column":null}},"3":{"start":{"line":14,"column":30},"end":{"line":14,"column":null}},"4":{"start":{"line":16,"column":4},"end":{"line":39,"column":null}},"5":{"start":{"line":32,"column":29},"end":{"line":32,"column":78}},"6":{"start":{"line":32,"column":78},"end":{"line":32,"column":103}}},"fnMap":{"0":{"name":"(anonymous_0)","decl":{"start":{"line":9,"column":9},"end":{"line":9,"column":34}},"loc":{"start":{"line":9,"column":48},"end":{"line":11,"column":null}},"line":9},"1":{"name":"(anonymous_1)","decl":{"start":{"line":13,"column":2},"end":{"line":13,"column":11}},"loc":{"start":{"line":13,"column":11},"end":{"line":41,"column":null}},"line":13},"2":{"name":"(anonymous_2)","decl":{"start":{"line":32,"column":21},"end":{"line":32,"column":27}},"loc":{"start":{"line":32,"column":27},"end":{"line":32,"column":null}},"line":32}},"branchMap":{"0":{"loc":{"start":{"line":14,"column":4},"end":{"line":14,"column":null}},"type":"if","locations":[{"start":{"line":14,"column":4},"end":{"line":14,"column":null}},{"start":{},"end":{}}],"line":14},"1":{"loc":{"start":{"line":29,"column":13},"end":{"line":29,"column":null}},"type":"binary-expr","locations":[{"start":{"line":29,"column":13},"end":{"line":29,"column":42}},{"start":{"line":29,"column":42},"end":{"line":29,"column":null}}],"line":29}},"s":{"0":5,"1":6,"2":13,"3":7,"4":6,"5":1,"6":1},"f":{"0":1,"1":13,"2":1},"b":{"0":[7,6],"1":[6,0]},"meta":{"lastBranch":2,"lastFunction":3,"lastStatement":7,"seen":{"s:7:17:7:Infinity":0,"f:9:9:9:34":0,"s:10:4:10:Infinity":1,"f:13:2:13:11":1,"b:14:4:14:Infinity:undefined:undefined:undefined:undefined":0,"s:14:4:14:Infinity":2,"s:14:30:14:Infinity":3,"s:16:4:39:Infinity":4,"b:29:13:29:42:29:42:29:Infinity":1,"f:32:21:32:27":2,"s:32:29:32:78":5,"s:32:78:32:103":6}}}
,"E:\\workspace\\program\\ai-chat\\ui\\src\\components\\MessageBubble.tsx": {"path":"E:\\workspace\\program\\ai-chat\\ui\\src\\components\\MessageBubble.tsx","statementMap":{"0":{"start":{"line":7,"column":2},"end":{"line":8,"column":null}},"1":{"start":{"line":8,"column":4},"end":{"line":8,"column":null}},"2":{"start":{"line":10,"column":2},"end":{"line":26,"column":null}},"3":{"start":{"line":11,"column":15},"end":{"line":11,"column":null}},"4":{"start":{"line":12,"column":4},"end":{"line":12,"column":null}},"5":{"start":{"line":13,"column":4},"end":{"line":13,"column":null}},"6":{"start":{"line":14,"column":4},"end":{"line":14,"column":null}},"7":{"start":{"line":15,"column":4},"end":{"line":15,"column":null}},"8":{"start":{"line":16,"column":4},"end":{"line":16,"column":null}},"9":{"start":{"line":17,"column":4},"end":{"line":25,"column":null}},"10":{"start":{"line":18,"column":6},"end":{"line":18,"column":null}},"11":{"start":{"line":21,"column":6},"end":{"line":21,"column":null}},"12":{"start":{"line":24,"column":6},"end":{"line":24,"column":null}},"13":{"start":{"line":30,"column":26},"end":{"line":30,"column":null}},"14":{"start":{"line":31,"column":15},"end":{"line":31,"column":null}},"15":{"start":{"line":33,"column":8},"end":{"line":39,"column":null}},"16":{"start":{"line":34,"column":17},"end":{"line":34,"column":null}},"17":{"start":{"line":35,"column":4},"end":{"line":38,"column":null}},"18":{"start":{"line":36,"column":6},"end":{"line":36,"column":null}},"19":{"start":{"line":37,"column":6},"end":{"line":37,"column":null}},"20":{"start":{"line":41,"column":2},"end":{"line":66,"column":null}},"21":{"start":{"line":76,"column":17},"end":{"line":76,"column":null}},"22":{"start":{"line":77,"column":36},"end":{"line":77,"column":null}},"23":{"start":{"line":78,"column":26},"end":{"line":78,"column":null}},"24":{"start":{"line":79,"column":18},"end":{"line":79,"column":null}},"25":{"start":{"line":81,"column":28},"end":{"line":86,"column":null}},"26":{"start":{"line":82,"column":4},"end":{"line":85,"column":null}},"27":{"start":{"line":83,"column":6},"end":{"line":83,"column":null}},"28":{"start":{"line":84,"column":6},"end":{"line":84,"column":null}},"29":{"start":{"line":88,"column":2},"end":{"line":195,"column":null}},"30":{"start":{"line":91,"column":26},"end":{"line":91,"column":null}},"31":{"start":{"line":92,"column":26},"end":{"line":92,"column":null}},"32":{"start":{"line":136,"column":22},"end":{"line":136,"column":null}},"33":{"start":{"line":139,"column":22},"end":{"line":140,"column":null}},"34":{"start":{"line":140,"column":24},"end":{"line":140,"column":null}},"35":{"start":{"line":141,"column":22},"end":{"line":152,"column":null}},"36":{"start":{"line":155,"column":38},"end":{"line":155,"column":90}},"37":{"start":{"line":156,"column":39},"end":{"line":156,"column":108}},"38":{"start":{"line":157,"column":39},"end":{"line":157,"column":111}},"39":{"start":{"line":159,"column":22},"end":{"line":159,"column":null}},"40":{"start":{"line":162,"column":22},"end":{"line":162,"column":null}}},"fnMap":{"0":{"name":"copyToClipboard","decl":{"start":{"line":6,"column":9},"end":{"line":6,"column":25}},"loc":{"start":{"line":6,"column":54},"end":{"line":27,"column":null}},"line":6},"1":{"name":"(anonymous_1)","decl":{"start":{"line":10,"column":21},"end":{"line":10,"column":22}},"loc":{"start":{"line":10,"column":42},"end":{"line":26,"column":3}},"line":10},"2":{"name":"CodeBlock","decl":{"start":{"line":29,"column":9},"end":{"line":29,"column":19}},"loc":{"start":{"line":29,"column":95},"end":{"line":68,"column":null}},"line":29},"3":{"name":"(anonymous_3)","decl":{"start":{"line":33,"column":33},"end":{"line":33,"column":39}},"loc":{"start":{"line":33,"column":39},"end":{"line":39,"column":5}},"line":33},"4":{"name":"(anonymous_4)","decl":{"start":{"line":35,"column":39},"end":{"line":35,"column":45}},"loc":{"start":{"line":35,"column":45},"end":{"line":38,"column":5}},"line":35},"5":{"name":"MessageBubble","decl":{"start":{"line":75,"column":16},"end":{"line":75,"column":30}},"loc":{"start":{"line":75,"column":63},"end":{"line":197,"column":null}},"line":75},"6":{"name":"(anonymous_6)","decl":{"start":{"line":81,"column":28},"end":{"line":81,"column":34}},"loc":{"start":{"line":81,"column":34},"end":{"line":86,"column":null}},"line":81},"7":{"name":"(anonymous_7)","decl":{"start":{"line":82,"column":42},"end":{"line":82,"column":48}},"loc":{"start":{"line":82,"column":48},"end":{"line":85,"column":5}},"line":82},"8":{"name":"(anonymous_8)","decl":{"start":{"line":91,"column":20},"end":{"line":91,"column":26}},"loc":{"start":{"line":91,"column":26},"end":{"line":91,"column":null}},"line":91},"9":{"name":"(anonymous_9)","decl":{"start":{"line":92,"column":20},"end":{"line":92,"column":26}},"loc":{"start":{"line":92,"column":26},"end":{"line":92,"column":null}},"line":92},"10":{"name":"(anonymous_10)","decl":{"start":{"line":135,"column":20},"end":{"line":135,"column":24}},"loc":{"start":{"line":135,"column":38},"end":{"line":137,"column":null}},"line":135},"11":{"name":"(anonymous_11)","decl":{"start":{"line":138,"column":20},"end":{"line":138,"column":25}},"loc":{"start":{"line":138,"column":60},"end":{"line":154,"column":null}},"line":138},"12":{"name":"(anonymous_12)","decl":{"start":{"line":155,"column":20},"end":{"line":155,"column":22}},"loc":{"start":{"line":155,"column":36},"end":{"line":155,"column":null}},"line":155},"13":{"name":"(anonymous_13)","decl":{"start":{"line":156,"column":20},"end":{"line":156,"column":23}},"loc":{"start":{"line":156,"column":37},"end":{"line":156,"column":null}},"line":156},"14":{"name":"(anonymous_14)","decl":{"start":{"line":157,"column":20},"end":{"line":157,"column":23}},"loc":{"start":{"line":157,"column":37},"end":{"line":157,"column":null}},"line":157},"15":{"name":"(anonymous_15)","decl":{"start":{"line":158,"column":20},"end":{"line":158,"column":31}},"loc":{"start":{"line":158,"column":45},"end":{"line":160,"column":null}},"line":158},"16":{"name":"(anonymous_16)","decl":{"start":{"line":161,"column":20},"end":{"line":161,"column":22}},"loc":{"start":{"line":161,"column":42},"end":{"line":163,"column":null}},"line":161}},"branchMap":{"0":{"loc":{"start":{"line":7,"column":2},"end":{"line":8,"column":null}},"type":"if","locations":[{"start":{"line":7,"column":2},"end":{"line":8,"column":null}},{"start":{},"end":{}}],"line":7},"1":{"loc":{"start":{"line":18,"column":6},"end":{"line":18,"column":null}},"type":"cond-expr","locations":[{"start":{"line":18,"column":37},"end":{"line":18,"column":49}},{"start":{"line":18,"column":49},"end":{"line":18,"column":null}}],"line":18},"2":{"loc":{"start":{"line":31,"column":15},"end":{"line":31,"column":null}},"type":"binary-expr","locations":[{"start":{"line":31,"column":15},"end":{"line":31,"column":54}},{"start":{"line":31,"column":54},"end":{"line":31,"column":null}}],"line":31},"3":{"loc":{"start":{"line":34,"column":17},"end":{"line":34,"column":null}},"type":"cond-expr","locations":[{"start":{"line":34,"column":48},"end":{"line":34,"column":60}},{"start":{"line":34,"column":60},"end":{"line":34,"column":null}}],"line":34},"4":{"loc":{"start":{"line":34,"column":60},"end":{"line":34,"column":null}},"type":"binary-expr","locations":[{"start":{"line":34,"column":60},"end":{"line":34,"column":97}},{"start":{"line":34,"column":97},"end":{"line":34,"column":null}}],"line":34},"5":{"loc":{"start":{"line":47,"column":90},"end":{"line":47,"column":105}},"type":"binary-expr","locations":[{"start":{"line":47,"column":90},"end":{"line":47,"column":98}},{"start":{"line":47,"column":98},"end":{"line":47,"column":105}}],"line":47},"6":{"loc":{"start":{"line":51,"column":26},"end":{"line":51,"column":74}},"type":"cond-expr","locations":[{"start":{"line":51,"column":35},"end":{"line":51,"column":54}},{"start":{"line":51,"column":54},"end":{"line":51,"column":74}}],"line":51},"7":{"loc":{"start":{"line":53,"column":11},"end":{"line":53,"column":null}},"type":"cond-expr","locations":[{"start":{"line":53,"column":20},"end":{"line":53,"column":28}},{"start":{"line":53,"column":28},"end":{"line":53,"column":null}}],"line":53},"8":{"loc":{"start":{"line":90,"column":54},"end":{"line":90,"column":86}},"type":"cond-expr","locations":[{"start":{"line":90,"column":63},"end":{"line":90,"column":84}},{"start":{"line":90,"column":84},"end":{"line":90,"column":86}}],"line":90},"9":{"loc":{"start":{"line":98,"column":22},"end":{"line":98,"column":null}},"type":"cond-expr","locations":[{"start":{"line":98,"column":31},"end":{"line":98,"column":50}},{"start":{"line":98,"column":50},"end":{"line":98,"column":null}}],"line":98},"10":{"loc":{"start":{"line":101,"column":9},"end":{"line":101,"column":null}},"type":"cond-expr","locations":[{"start":{"line":101,"column":18},"end":{"line":101,"column":24}},{"start":{"line":101,"column":24},"end":{"line":101,"column":null}}],"line":101},"11":{"loc":{"start":{"line":107,"column":64},"end":{"line":107,"column":99}},"type":"cond-expr","locations":[{"start":{"line":107,"column":73},"end":{"line":107,"column":88}},{"start":{"line":107,"column":88},"end":{"line":107,"column":99}}],"line":107},"12":{"loc":{"start":{"line":112,"column":12},"end":{"line":112,"column":null}},"type":"cond-expr","locations":[{"start":{"line":112,"column":21},"end":{"line":112,"column":50}},{"start":{"line":112,"column":50},"end":{"line":112,"column":null}}],"line":112},"13":{"loc":{"start":{"line":119,"column":22},"end":{"line":121,"column":null}},"type":"cond-expr","locations":[{"start":{"line":120,"column":14},"end":{"line":120,"column":null}},{"start":{"line":121,"column":14},"end":{"line":121,"column":null}}],"line":119},"14":{"loc":{"start":{"line":122,"column":18},"end":{"line":122,"column":null}},"type":"cond-expr","locations":[{"start":{"line":122,"column":27},"end":{"line":122,"column":36}},{"start":{"line":122,"column":36},"end":{"line":122,"column":null}}],"line":122},"15":{"loc":{"start":{"line":123,"column":17},"end":{"line":123,"column":null}},"type":"cond-expr","locations":[{"start":{"line":123,"column":26},"end":{"line":123,"column":55}},{"start":{"line":123,"column":55},"end":{"line":123,"column":null}}],"line":123},"16":{"loc":{"start":{"line":126,"column":9},"end":{"line":174,"column":null}},"type":"cond-expr","locations":[{"start":{"line":128,"column":14},"end":{"line":128,"column":null}},{"start":{"line":131,"column":14},"end":{"line":174,"column":null}}],"line":126},"17":{"loc":{"start":{"line":139,"column":22},"end":{"line":140,"column":null}},"type":"if","locations":[{"start":{"line":139,"column":22},"end":{"line":140,"column":null}},{"start":{},"end":{}}],"line":139},"18":{"loc":{"start":{"line":168,"column":17},"end":{"line":172,"column":null}},"type":"binary-expr","locations":[{"start":{"line":168,"column":17},"end":{"line":168,"column":null}},{"start":{"line":169,"column":18},"end":{"line":172,"column":null}}],"line":168},"19":{"loc":{"start":{"line":178,"column":9},"end":{"line":191,"column":null}},"type":"binary-expr","locations":[{"start":{"line":178,"column":9},"end":{"line":178,"column":24}},{"start":{"line":178,"column":24},"end":{"line":178,"column":null}},{"start":{"line":179,"column":10},"end":{"line":191,"column":null}}],"line":178},"20":{"loc":{"start":{"line":182,"column":14},"end":{"line":182,"column":null}},"type":"cond-expr","locations":[{"start":{"line":182,"column":23},"end":{"line":182,"column":35}},{"start":{"line":182,"column":35},"end":{"line":182,"column":null}}],"line":182},"21":{"loc":{"start":{"line":187,"column":21},"end":{"line":187,"column":null}},"type":"cond-expr","locations":[{"start":{"line":187,"column":30},"end":{"line":187,"column":49}},{"start":{"line":187,"column":49},"end":{"line":187,"column":null}}],"line":187},"22":{"loc":{"start":{"line":190,"column":13},"end":{"line":190,"column":null}},"type":"cond-expr","locations":[{"start":{"line":190,"column":22},"end":{"line":190,"column":30}},{"start":{"line":190,"column":30},"end":{"line":190,"column":null}}],"line":190}},"s":{"0":3,"1":2,"2":1,"3":1,"4":1,"5":1,"6":1,"7":1,"8":1,"9":1,"10":1,"11":0,"12":1,"13":8,"14":8,"15":8,"16":2,"17":2,"18":2,"19":2,"20":8,"21":59,"22":59,"23":59,"24":59,"25":59,"26":1,"27":1,"28":1,"29":59,"30":4,"31":2,"32":4,"33":5,"34":4,"35":1,"36":36,"37":1,"38":1,"39":1,"40":1},"f":{"0":3,"1":1,"2":8,"3":2,"4":2,"5":59,"6":1,"7":1,"8":4,"9":2,"10":4,"11":5,"12":36,"13":1,"14":1,"15":1,"16":1},"b":{"0":[2,1],"1":[1,0],"2":[8,8],"3":[0,2],"4":[2,0],"5":[8,8],"6":[2,6],"7":[2,6],"8":[18,41],"9":[18,41],"10":[18,41],"11":[18,41],"12":[18,41],"13":[18,41],"14":[18,41],"15":[18,41],"16":[18,41],"17":[4,1],"18":[41,3],"19":[59,6,5],"20":[0,5],"21":[1,4],"22":[1,4]},"meta":{"lastBranch":23,"lastFunction":17,"lastStatement":41,"seen":{"f:6:9:6:25":0,"b:7:2:8:Infinity:undefined:undefined:undefined:undefined":0,"s:7:2:8:Infinity":0,"s:8:4:8:Infinity":1,"s:10:2:26:Infinity":2,"f:10:21:10:22":1,"s:11:15:11:Infinity":3,"s:12:4:12:Infinity":4,"s:13:4:13:Infinity":5,"s:14:4:14:Infinity":6,"s:15:4:15:Infinity":7,"s:16:4:16:Infinity":8,"s:17:4:25:Infinity":9,"s:18:6:18:Infinity":10,"b:18:37:18:49:18:49:18:Infinity":1,"s:21:6:21:Infinity":11,"s:24:6:24:Infinity":12,"f:29:9:29:19":2,"s:30:26:30:Infinity":13,"s:31:15:31:Infinity":14,"b:31:15:31:54:31:54:31:Infinity":2,"s:33:8:39:Infinity":15,"f:33:33:33:39":3,"s:34:17:34:Infinity":16,"b:34:48:34:60:34:60:34:Infinity":3,"b:34:60:34:97:34:97:34:Infinity":4,"s:35:4:38:Infinity":17,"f:35:39:35:45":4,"s:36:6:36:Infinity":18,"s:37:6:37:Infinity":19,"s:41:2:66:Infinity":20,"b:47:90:47:98:47:98:47:105":5,"b:51:35:51:54:51:54:51:74":6,"b:53:20:53:28:53:28:53:Infinity":7,"f:75:16:75:30":5,"s:76:17:76:Infinity":21,"s:77:36:77:Infinity":22,"s:78:26:78:Infinity":23,"s:79:18:79:Infinity":24,"s:81:28:86:Infinity":25,"f:81:28:81:34":6,"s:82:4:85:Infinity":26,"f:82:42:82:48":7,"s:83:6:83:Infinity":27,"s:84:6:84:Infinity":28,"s:88:2:195:Infinity":29,"b:90:63:90:84:90:84:90:86":8,"f:91:20:91:26":8,"s:91:26:91:Infinity":30,"f:92:20:92:26":9,"s:92:26:92:Infinity":31,"b:98:31:98:50:98:50:98:Infinity":9,"b:101:18:101:24:101:24:101:Infinity":10,"b:107:73:107:88:107:88:107:99":11,"b:112:21:112:50:112:50:112:Infinity":12,"b:120:14:120:Infinity:121:14:121:Infinity":13,"b:122:27:122:36:122:36:122:Infinity":14,"b:123:26:123:55:123:55:123:Infinity":15,"b:128:14:128:Infinity:131:14:174:Infinity":16,"f:135:20:135:24":10,"s:136:22:136:Infinity":32,"f:138:20:138:25":11,"b:139:22:140:Infinity:undefined:undefined:undefined:undefined":17,"s:139:22:140:Infinity":33,"s:140:24:140:Infinity":34,"s:141:22:152:Infinity":35,"f:155:20:155:22":12,"s:155:38:155:90":36,"f:156:20:156:23":13,"s:156:39:156:108":37,"f:157:20:157:23":14,"s:157:39:157:111":38,"f:158:20:158:31":15,"s:159:22:159:Infinity":39,"f:161:20:161:22":16,"s:162:22:162:Infinity":40,"b:168:17:168:Infinity:169:18:172:Infinity":18,"b:178:9:178:24:178:24:178:Infinity:179:10:191:Infinity":19,"b:182:23:182:35:182:35:182:Infinity":20,"b:187:30:187:49:187:49:187:Infinity":21,"b:190:22:190:30:190:30:190:Infinity":22}}}
,"E:\\workspace\\program\\ai-chat\\ui\\src\\components\\MessageList.tsx": {"path":"E:\\workspace\\program\\ai-chat\\ui\\src\\components\\MessageList.tsx","statementMap":{"0":{"start":{"line":7,"column":2},"end":{"line":12,"column":null}},"1":{"start":{"line":17,"column":2},"end":{"line":48,"column":null}},"2":{"start":{"line":36,"column":12},"end":{"line":44,"column":null}},"3":{"start":{"line":53,"column":2},"end":{"line":67,"column":null}},"4":{"start":{"line":72,"column":2},"end":{"line":82,"column":null}},"5":{"start":{"line":100,"column":8},"end":{"line":100,"column":null}},"6":{"start":{"line":101,"column":8},"end":{"line":101,"column":null}},"7":{"start":{"line":102,"column":40},"end":{"line":102,"column":null}},"8":{"start":{"line":105,"column":2},"end":{"line":114,"column":null}},"9":{"start":{"line":106,"column":4},"end":{"line":106,"column":null}},"10":{"start":{"line":106,"column":58},"end":{"line":106,"column":null}},"11":{"start":{"line":107,"column":15},"end":{"line":107,"column":null}},"12":{"start":{"line":108,"column":4},"end":{"line":108,"column":null}},"13":{"start":{"line":108,"column":13},"end":{"line":108,"column":null}},"14":{"start":{"line":109,"column":22},"end":{"line":109,"column":null}},"15":{"start":{"line":110,"column":17},"end":{"line":110,"column":null}},"16":{"start":{"line":111,"column":4},"end":{"line":113,"column":null}},"17":{"start":{"line":112,"column":6},"end":{"line":112,"column":null}},"18":{"start":{"line":117,"column":8},"end":{"line":121,"column":null}},"19":{"start":{"line":118,"column":15},"end":{"line":118,"column":null}},"20":{"start":{"line":119,"column":4},"end":{"line":119,"column":null}},"21":{"start":{"line":119,"column":13},"end":{"line":119,"column":null}},"22":{"start":{"line":120,"column":4},"end":{"line":120,"column":null}},"23":{"start":{"line":124,"column":2},"end":{"line":130,"column":null}},"24":{"start":{"line":125,"column":15},"end":{"line":125,"column":null}},"25":{"start":{"line":126,"column":4},"end":{"line":126,"column":null}},"26":{"start":{"line":126,"column":13},"end":{"line":126,"column":null}},"27":{"start":{"line":127,"column":4},"end":{"line":129,"column":null}},"28":{"start":{"line":128,"column":6},"end":{"line":128,"column":null}},"29":{"start":{"line":132,"column":8},"end":{"line":134,"column":null}},"30":{"start":{"line":133,"column":4},"end":{"line":133,"column":null}},"31":{"start":{"line":136,"column":23},"end":{"line":136,"column":null}},"32":{"start":{"line":138,"column":2},"end":{"line":144,"column":null}},"33":{"start":{"line":139,"column":4},"end":{"line":142,"column":null}},"34":{"start":{"line":147,"column":38},"end":{"line":147,"column":null}},"35":{"start":{"line":148,"column":17},"end":{"line":148,"column":null}},"36":{"start":{"line":150,"column":2},"end":{"line":168,"column":null}},"37":{"start":{"line":151,"column":10},"end":{"line":151,"column":null}},"38":{"start":{"line":152,"column":4},"end":{"line":155,"column":null}},"39":{"start":{"line":153,"column":6},"end":{"line":153,"column":null}},"40":{"start":{"line":154,"column":6},"end":{"line":154,"column":null}},"41":{"start":{"line":157,"column":4},"end":{"line":167,"column":null}},"42":{"start":{"line":171,"column":2},"end":{"line":173,"column":null}},"43":{"start":{"line":172,"column":4},"end":{"line":172,"column":null}},"44":{"start":{"line":175,"column":2},"end":{"line":207,"column":null}}},"fnMap":{"0":{"name":"DateDivider","decl":{"start":{"line":6,"column":9},"end":{"line":6,"column":21}},"loc":{"start":{"line":6,"column":51},"end":{"line":14,"column":null}},"line":6},"1":{"name":"LoadingDots","decl":{"start":{"line":16,"column":9},"end":{"line":16,"column":23}},"loc":{"start":{"line":16,"column":23},"end":{"line":50,"column":null}},"line":16},"2":{"name":"(anonymous_2)","decl":{"start":{"line":35,"column":25},"end":{"line":35,"column":null}},"loc":{"start":{"line":36,"column":12},"end":{"line":44,"column":null}},"line":36},"3":{"name":"EmptyState","decl":{"start":{"line":52,"column":9},"end":{"line":52,"column":22}},"loc":{"start":{"line":52,"column":22},"end":{"line":69,"column":null}},"line":52},"4":{"name":"ErrorBanner","decl":{"start":{"line":71,"column":9},"end":{"line":71,"column":21}},"loc":{"start":{"line":71,"column":89},"end":{"line":84,"column":null}},"line":71},"5":{"name":"MessageList","decl":{"start":{"line":99,"column":16},"end":{"line":99,"column":28}},"loc":{"start":{"line":99,"column":100},"end":{"line":209,"column":null}},"line":99},"6":{"name":"(anonymous_6)","decl":{"start":{"line":105,"column":12},"end":{"line":105,"column":18}},"loc":{"start":{"line":105,"column":18},"end":{"line":114,"column":5}},"line":105},"7":{"name":"(anonymous_7)","decl":{"start":{"line":117,"column":35},"end":{"line":117,"column":41}},"loc":{"start":{"line":117,"column":41},"end":{"line":121,"column":5}},"line":117},"8":{"name":"(anonymous_8)","decl":{"start":{"line":124,"column":12},"end":{"line":124,"column":18}},"loc":{"start":{"line":124,"column":18},"end":{"line":130,"column":5}},"line":124},"9":{"name":"(anonymous_9)","decl":{"start":{"line":127,"column":26},"end":{"line":127,"column":32}},"loc":{"start":{"line":127,"column":32},"end":{"line":129,"column":5}},"line":127},"10":{"name":"(anonymous_10)","decl":{"start":{"line":132,"column":37},"end":{"line":132,"column":43}},"loc":{"start":{"line":132,"column":43},"end":{"line":134,"column":5}},"line":132},"11":{"name":"(anonymous_11)","decl":{"start":{"line":150,"column":19},"end":{"line":150,"column":20}},"loc":{"start":{"line":150,"column":31},"end":{"line":168,"column":3}},"line":150}},"branchMap":{"0":{"loc":{"start":{"line":106,"column":4},"end":{"line":106,"column":null}},"type":"if","locations":[{"start":{"line":106,"column":4},"end":{"line":106,"column":null}},{"start":{},"end":{}}],"line":106},"1":{"loc":{"start":{"line":106,"column":8},"end":{"line":106,"column":58}},"type":"binary-expr","locations":[{"start":{"line":106,"column":8},"end":{"line":106,"column":46}},{"start":{"line":106,"column":46},"end":{"line":106,"column":58}}],"line":106},"2":{"loc":{"start":{"line":108,"column":4},"end":{"line":108,"column":null}},"type":"if","locations":[{"start":{"line":108,"column":4},"end":{"line":108,"column":null}},{"start":{},"end":{}}],"line":108},"3":{"loc":{"start":{"line":111,"column":4},"end":{"line":113,"column":null}},"type":"if","locations":[{"start":{"line":111,"column":4},"end":{"line":113,"column":null}},{"start":{},"end":{}}],"line":111},"4":{"loc":{"start":{"line":119,"column":4},"end":{"line":119,"column":null}},"type":"if","locations":[{"start":{"line":119,"column":4},"end":{"line":119,"column":null}},{"start":{},"end":{}}],"line":119},"5":{"loc":{"start":{"line":126,"column":4},"end":{"line":126,"column":null}},"type":"if","locations":[{"start":{"line":126,"column":4},"end":{"line":126,"column":null}},{"start":{},"end":{}}],"line":126},"6":{"loc":{"start":{"line":138,"column":2},"end":{"line":144,"column":null}},"type":"if","locations":[{"start":{"line":138,"column":2},"end":{"line":144,"column":null}},{"start":{},"end":{}}],"line":138},"7":{"loc":{"start":{"line":138,"column":6},"end":{"line":138,"column":43}},"type":"binary-expr","locations":[{"start":{"line":138,"column":6},"end":{"line":138,"column":31}},{"start":{"line":138,"column":31},"end":{"line":138,"column":43}}],"line":138},"8":{"loc":{"start":{"line":152,"column":4},"end":{"line":155,"column":null}},"type":"if","locations":[{"start":{"line":152,"column":4},"end":{"line":155,"column":null}},{"start":{},"end":{}}],"line":152},"9":{"loc":{"start":{"line":159,"column":9},"end":{"line":164,"column":null}},"type":"cond-expr","locations":[{"start":{"line":161,"column":14},"end":{"line":161,"column":null}},{"start":{"line":164,"column":14},"end":{"line":164,"column":null}}],"line":159},"10":{"loc":{"start":{"line":159,"column":9},"end":{"line":159,"column":null}},"type":"binary-expr","locations":[{"start":{"line":159,"column":9},"end":{"line":159,"column":37}},{"start":{"line":159,"column":37},"end":{"line":159,"column":52}},{"start":{"line":159,"column":52},"end":{"line":159,"column":null}}],"line":159},"11":{"loc":{"start":{"line":171,"column":2},"end":{"line":173,"column":null}},"type":"if","locations":[{"start":{"line":171,"column":2},"end":{"line":173,"column":null}},{"start":{},"end":{}}],"line":171},"12":{"loc":{"start":{"line":180,"column":9},"end":{"line":183,"column":null}},"type":"binary-expr","locations":[{"start":{"line":180,"column":9},"end":{"line":180,"column":null}},{"start":{"line":181,"column":10},"end":{"line":183,"column":null}}],"line":180},"13":{"loc":{"start":{"line":190,"column":7},"end":{"line":205,"column":null}},"type":"binary-expr","locations":[{"start":{"line":190,"column":7},"end":{"line":190,"column":null}},{"start":{"line":191,"column":8},"end":{"line":205,"column":null}}],"line":190}},"s":{"0":16,"1":1,"2":3,"3":1,"4":2,"5":18,"6":18,"7":18,"8":18,"9":12,"10":1,"11":11,"12":11,"13":0,"14":11,"15":11,"16":11,"17":11,"18":18,"19":0,"20":0,"21":0,"22":0,"23":18,"24":12,"25":12,"26":1,"27":11,"28":11,"29":18,"30":0,"31":18,"32":18,"33":1,"34":17,"35":17,"36":17,"37":32,"38":32,"39":16,"40":16,"41":32,"42":17,"43":1,"44":17},"f":{"0":16,"1":1,"2":3,"3":1,"4":2,"5":18,"6":12,"7":0,"8":12,"9":11,"10":0,"11":32},"b":{"0":[1,11],"1":[12,2],"2":[0,11],"3":[11,0],"4":[0,0],"5":[1,11],"6":[1,17],"7":[18,2],"8":[16,16],"9":[0,32],"10":[32,16,0],"11":[1,16],"12":[17,2],"13":[18,0]},"meta":{"lastBranch":14,"lastFunction":12,"lastStatement":45,"seen":{"f:6:9:6:21":0,"s:7:2:12:Infinity":0,"f:16:9:16:23":1,"s:17:2:48:Infinity":1,"f:35:25:35:Infinity":2,"s:36:12:44:Infinity":2,"f:52:9:52:22":3,"s:53:2:67:Infinity":3,"f:71:9:71:21":4,"s:72:2:82:Infinity":4,"f:99:16:99:28":5,"s:100:8:100:Infinity":5,"s:101:8:101:Infinity":6,"s:102:40:102:Infinity":7,"s:105:2:114:Infinity":8,"f:105:12:105:18":6,"b:106:4:106:Infinity:undefined:undefined:undefined:undefined":0,"s:106:4:106:Infinity":9,"b:106:8:106:46:106:46:106:58":1,"s:106:58:106:Infinity":10,"s:107:15:107:Infinity":11,"b:108:4:108:Infinity:undefined:undefined:undefined:undefined":2,"s:108:4:108:Infinity":12,"s:108:13:108:Infinity":13,"s:109:22:109:Infinity":14,"s:110:17:110:Infinity":15,"b:111:4:113:Infinity:undefined:undefined:undefined:undefined":3,"s:111:4:113:Infinity":16,"s:112:6:112:Infinity":17,"s:117:8:121:Infinity":18,"f:117:35:117:41":7,"s:118:15:118:Infinity":19,"b:119:4:119:Infinity:undefined:undefined:undefined:undefined":4,"s:119:4:119:Infinity":20,"s:119:13:119:Infinity":21,"s:120:4:120:Infinity":22,"s:124:2:130:Infinity":23,"f:124:12:124:18":8,"s:125:15:125:Infinity":24,"b:126:4:126:Infinity:undefined:undefined:undefined:undefined":5,"s:126:4:126:Infinity":25,"s:126:13:126:Infinity":26,"s:127:4:129:Infinity":27,"f:127:26:127:32":9,"s:128:6:128:Infinity":28,"s:132:8:134:Infinity":29,"f:132:37:132:43":10,"s:133:4:133:Infinity":30,"s:136:23:136:Infinity":31,"b:138:2:144:Infinity:undefined:undefined:undefined:undefined":6,"s:138:2:144:Infinity":32,"b:138:6:138:31:138:31:138:43":7,"s:139:4:142:Infinity":33,"s:147:38:147:Infinity":34,"s:148:17:148:Infinity":35,"s:150:2:168:Infinity":36,"f:150:19:150:20":11,"s:151:10:151:Infinity":37,"b:152:4:155:Infinity:undefined:undefined:undefined:undefined":8,"s:152:4:155:Infinity":38,"s:153:6:153:Infinity":39,"s:154:6:154:Infinity":40,"s:157:4:167:Infinity":41,"b:161:14:161:Infinity:164:14:164:Infinity":9,"b:159:9:159:37:159:37:159:52:159:52:159:Infinity":10,"b:171:2:173:Infinity:undefined:undefined:undefined:undefined":11,"s:171:2:173:Infinity":42,"s:172:4:172:Infinity":43,"s:175:2:207:Infinity":44,"b:180:9:180:Infinity:181:10:183:Infinity":12,"b:190:7:190:Infinity:191:8:205:Infinity":13}}}
,"E:\\workspace\\program\\ai-chat\\ui\\src\\hooks\\useChatStore.ts": {"path":"E:\\workspace\\program\\ai-chat\\ui\\src\\hooks\\useChatStore.ts","statementMap":{"0":{"start":{"line":4,"column":20},"end":{"line":4,"column":null}},"1":{"start":{"line":7,"column":2},"end":{"line":7,"column":null}},"2":{"start":{"line":37,"column":2},"end":{"line":146,"column":null}},"3":{"start":{"line":39,"column":6},"end":{"line":39,"column":null}},"4":{"start":{"line":42,"column":33},"end":{"line":48,"column":null}},"5":{"start":{"line":49,"column":6},"end":{"line":53,"column":null}},"6":{"start":{"line":57,"column":23},"end":{"line":57,"column":null}},"7":{"start":{"line":57,"column":55},"end":{"line":57,"column":73}},"8":{"start":{"line":58,"column":6},"end":{"line":62,"column":null}},"9":{"start":{"line":66,"column":6},"end":{"line":71,"column":null}},"10":{"start":{"line":69,"column":10},"end":{"line":69,"column":null}},"11":{"start":{"line":74,"column":27},"end":{"line":79,"column":null}},"12":{"start":{"line":80,"column":6},"end":{"line":90,"column":null}},"13":{"start":{"line":83,"column":10},"end":{"line":84,"column":null}},"14":{"start":{"line":84,"column":12},"end":{"line":84,"column":null}},"15":{"start":{"line":85,"column":24},"end":{"line":87,"column":null}},"16":{"start":{"line":88,"column":10},"end":{"line":88,"column":null}},"17":{"start":{"line":94,"column":32},"end":{"line":94,"column":null}},"18":{"start":{"line":95,"column":6},"end":{"line":118,"column":null}},"19":{"start":{"line":100,"column":10},"end":{"line":101,"column":null}},"20":{"start":{"line":101,"column":12},"end":{"line":101,"column":null}},"21":{"start":{"line":102,"column":23},"end":{"line":102,"column":null}},"22":{"start":{"line":103,"column":23},"end":{"line":103,"column":null}},"23":{"start":{"line":104,"column":16},"end":{"line":104,"column":null}},"24":{"start":{"line":105,"column":10},"end":{"line":115,"column":null}},"25":{"start":{"line":106,"column":12},"end":{"line":106,"column":null}},"26":{"start":{"line":109,"column":12},"end":{"line":114,"column":null}},"27":{"start":{"line":116,"column":10},"end":{"line":116,"column":null}},"28":{"start":{"line":122,"column":6},"end":{"line":122,"column":null}},"29":{"start":{"line":125,"column":21},"end":{"line":125,"column":null}},"30":{"start":{"line":125,"column":58},"end":{"line":125,"column":67}},"31":{"start":{"line":126,"column":6},"end":{"line":131,"column":null}},"32":{"start":{"line":127,"column":25},"end":{"line":127,"column":null}},"33":{"start":{"line":128,"column":8},"end":{"line":130,"column":null}},"34":{"start":{"line":129,"column":10},"end":{"line":129,"column":null}},"35":{"start":{"line":132,"column":6},"end":{"line":135,"column":null}},"36":{"start":{"line":134,"column":66},"end":{"line":134,"column":91}},"37":{"start":{"line":139,"column":6},"end":{"line":139,"column":null}},"38":{"start":{"line":142,"column":6},"end":{"line":142,"column":null}},"39":{"start":{"line":145,"column":6},"end":{"line":145,"column":null}},"40":{"start":{"line":152,"column":2},"end":{"line":160,"column":null}},"41":{"start":{"line":153,"column":16},"end":{"line":153,"column":null}},"42":{"start":{"line":154,"column":4},"end":{"line":154,"column":null}},"43":{"start":{"line":154,"column":14},"end":{"line":154,"column":null}},"44":{"start":{"line":155,"column":4},"end":{"line":155,"column":null}},"45":{"start":{"line":158,"column":4},"end":{"line":158,"column":null}},"46":{"start":{"line":159,"column":4},"end":{"line":159,"column":null}},"47":{"start":{"line":166,"column":24},"end":{"line":175,"column":null}},"48":{"start":{"line":167,"column":18},"end":{"line":167,"column":null}},"49":{"start":{"line":168,"column":4},"end":{"line":174,"column":null}},"50":{"start":{"line":178,"column":2},"end":{"line":181,"column":null}},"51":{"start":{"line":179,"column":4},"end":{"line":180,"column":null}},"52":{"start":{"line":179,"column":10},"end":{"line":179,"column":81}},"53":{"start":{"line":183,"column":21},"end":{"line":183,"column":null}},"54":{"start":{"line":183,"column":51},"end":{"line":183,"column":74}},"55":{"start":{"line":184,"column":20},"end":{"line":184,"column":null}},"56":{"start":{"line":184,"column":87},"end":{"line":184,"column":108}},"57":{"start":{"line":186,"column":2},"end":{"line":250,"column":null}},"58":{"start":{"line":197,"column":33},"end":{"line":197,"column":null}},"59":{"start":{"line":198,"column":42},"end":{"line":198,"column":null}},"60":{"start":{"line":201,"column":17},"end":{"line":201,"column":null}},"61":{"start":{"line":202,"column":6},"end":{"line":202,"column":null}},"62":{"start":{"line":203,"column":6},"end":{"line":203,"column":null}},"63":{"start":{"line":206,"column":32},"end":{"line":206,"column":null}},"64":{"start":{"line":207,"column":31},"end":{"line":207,"column":null}},"65":{"start":{"line":210,"column":6},"end":{"line":210,"column":null}},"66":{"start":{"line":213,"column":6},"end":{"line":213,"column":null}},"67":{"start":{"line":216,"column":6},"end":{"line":216,"column":null}},"68":{"start":{"line":219,"column":6},"end":{"line":219,"column":null}},"69":{"start":{"line":223,"column":29},"end":{"line":223,"column":null}},"70":{"start":{"line":224,"column":6},"end":{"line":224,"column":null}},"71":{"start":{"line":224,"column":27},"end":{"line":224,"column":null}},"72":{"start":{"line":226,"column":19},"end":{"line":226,"column":null}},"73":{"start":{"line":227,"column":71},"end":{"line":227,"column":null}},"74":{"start":{"line":229,"column":6},"end":{"line":238,"column":null}},"75":{"start":{"line":230,"column":8},"end":{"line":230,"column":null}},"76":{"start":{"line":231,"column":8},"end":{"line":231,"column":null}},"77":{"start":{"line":234,"column":21},"end":{"line":234,"column":null}},"78":{"start":{"line":234,"column":51},"end":{"line":234,"column":66}},"79":{"start":{"line":235,"column":8},"end":{"line":237,"column":null}},"80":{"start":{"line":236,"column":10},"end":{"line":236,"column":null}},"81":{"start":{"line":236,"column":44},"end":{"line":236,"column":81}},"82":{"start":{"line":240,"column":6},"end":{"line":240,"column":null}},"83":{"start":{"line":242,"column":6},"end":{"line":242,"column":null}},"84":{"start":{"line":243,"column":6},"end":{"line":243,"column":null}},"85":{"start":{"line":245,"column":6},"end":{"line":248,"column":null}},"86":{"start":{"line":246,"column":8},"end":{"line":246,"column":null}},"87":{"start":{"line":247,"column":8},"end":{"line":247,"column":null}}},"fnMap":{"0":{"name":"genId","decl":{"start":{"line":6,"column":9},"end":{"line":6,"column":25}},"loc":{"start":{"line":6,"column":25},"end":{"line":8,"column":null}},"line":6},"1":{"name":"chatReducer","decl":{"start":{"line":36,"column":9},"end":{"line":36,"column":21}},"loc":{"start":{"line":36,"column":70},"end":{"line":147,"column":null}},"line":36},"2":{"name":"(anonymous_2)","decl":{"start":{"line":57,"column":50},"end":{"line":57,"column":55}},"loc":{"start":{"line":57,"column":55},"end":{"line":57,"column":73}},"line":57},"3":{"name":"(anonymous_3)","decl":{"start":{"line":68,"column":47},"end":{"line":68,"column":null}},"loc":{"start":{"line":69,"column":10},"end":{"line":69,"column":null}},"line":69},"4":{"name":"(anonymous_4)","decl":{"start":{"line":82,"column":47},"end":{"line":82,"column":48}},"loc":{"start":{"line":82,"column":54},"end":{"line":89,"column":9}},"line":82},"5":{"name":"(anonymous_5)","decl":{"start":{"line":99,"column":47},"end":{"line":99,"column":48}},"loc":{"start":{"line":99,"column":54},"end":{"line":117,"column":9}},"line":99},"6":{"name":"(anonymous_6)","decl":{"start":{"line":125,"column":53},"end":{"line":125,"column":58}},"loc":{"start":{"line":125,"column":58},"end":{"line":125,"column":67}},"line":125},"7":{"name":"(anonymous_7)","decl":{"start":{"line":134,"column":56},"end":{"line":134,"column":57}},"loc":{"start":{"line":134,"column":66},"end":{"line":134,"column":91}},"line":134},"8":{"name":"load","decl":{"start":{"line":151,"column":9},"end":{"line":151,"column":32}},"loc":{"start":{"line":151,"column":32},"end":{"line":161,"column":null}},"line":151},"9":{"name":"useChatStore","decl":{"start":{"line":165,"column":16},"end":{"line":165,"column":31}},"loc":{"start":{"line":165,"column":31},"end":{"line":251,"column":null}},"line":165},"10":{"name":"(anonymous_10)","decl":{"start":{"line":166,"column":58},"end":{"line":166,"column":64}},"loc":{"start":{"line":166,"column":64},"end":{"line":175,"column":3}},"line":166},"11":{"name":"(anonymous_11)","decl":{"start":{"line":178,"column":12},"end":{"line":178,"column":18}},"loc":{"start":{"line":178,"column":18},"end":{"line":181,"column":5}},"line":178},"12":{"name":"(anonymous_12)","decl":{"start":{"line":183,"column":46},"end":{"line":183,"column":51}},"loc":{"start":{"line":183,"column":51},"end":{"line":183,"column":74}},"line":183},"13":{"name":"(anonymous_13)","decl":{"start":{"line":184,"column":82},"end":{"line":184,"column":87}},"loc":{"start":{"line":184,"column":87},"end":{"line":184,"column":108}},"line":184},"14":{"name":"(anonymous_14)","decl":{"start":{"line":197,"column":17},"end":{"line":197,"column":18}},"loc":{"start":{"line":197,"column":33},"end":{"line":197,"column":null}},"line":197},"15":{"name":"(anonymous_15)","decl":{"start":{"line":198,"column":14},"end":{"line":198,"column":15}},"loc":{"start":{"line":198,"column":42},"end":{"line":198,"column":null}},"line":198},"16":{"name":"(anonymous_16)","decl":{"start":{"line":200,"column":16},"end":{"line":200,"column":22}},"loc":{"start":{"line":200,"column":22},"end":{"line":204,"column":null}},"line":200},"17":{"name":"(anonymous_17)","decl":{"start":{"line":206,"column":16},"end":{"line
[...]
":1,"1":43,"2":61,"3":1,"4":22,"5":22,"6":2,"7":3,"8":2,"9":1,"10":1,"11":17,"12":17,"13":17,"14":0,"15":17,"16":17,"17":5,"18":5,"19":5,"20":0,"21":5,"22":5,"23":5,"24":5,"25":1,"26":4,"27":5,"28":1,"29":4,"30":3,"31":4,"32":4,"33":4,"34":3,"35":4,"36":1,"37":5,"38":3,"39":0,"40":26,"41":26,"42":26,"43":24,"44":2,"45":1,"46":1,"47":79,"48":26,"49":26,"50":79,"51":75,"52":75,"53":79,"54":52,"55":79,"56":51,"57":79,"58":1,"59":2,"60":20,"61":20,"62":20,"63":2,"64":1,"65":13,"66":5,"67":1,"68":4,"69":5,"70":5,"71":1,"72":4,"73":4,"74":4,"75":2,"76":2,"77":2,"78":2,"79":2,"80":2,"81":3,"82":4,"83":4,"84":4,"85":4,"86":1,"87":1},"f":{"0":43,"1":61,"2":3,"3":1,"4":17,"5":5,"6":3,"7":1,"8":26,"9":79,"10":26,"11":75,"12":52,"13":51,"14":1,"15":2,"16":20,"17":2,"18":1,"19":13,"20":5,"21":1,"22":4,"23":5,"24":2,"25":3},"b":{"0":[1,22,2,1,17,5,1,4,5,3,0],"1":[1,1],"2":[1,1],"3":[1,0],"4":[0,17],"5":[12,5],"6":[17,12],"7":[0,5],"8":[1,4],"9":[1,4],"10":[3,1],"11":[4,2],"12":[24,2],"13":[26,25],"14":[79,29],"15":[79,51],"16":[1,4],"17":[2,2],"18":[2,0],"19":[1,3]},"meta":{"lastBranch":20,"lastFunction":26,"lastStatement":88,"seen":{"s:4:20:4:Infinity":0,"f:6:9:6:25":0,"s:7:2:7:Infinity":1,"f:36:9:36:21":1,"b:38:4:39:Infinity:41:4:54:Infinity:56:4:63:Infinity:65:4:71:Infinity:73:4:91:Infinity:93:4:119:Infinity:121:4:122:Infinity:124:4:136:Infinity:138:4:139:Infinity:141:4:142:Infinity:144:4:145:Infinity":0,"s:37:2:146:Infinity":2,"s:39:6:39:Infinity":3,"s:42:33:48:Infinity":4,"s:49:6:53:Infinity":5,"s:57:23:57:Infinity":6,"f:57:50:57:55":2,"s:57:55:57:73":7,"s:58:6:62:Infinity":8,"b:61:50:61:75:61:75:61:Infinity":1,"b:61:50:61:69:61:69:61:75":2,"s:66:6:71:Infinity":9,"f:68:47:68:Infinity":3,"s:69:10:69:Infinity":10,"b:69:31:69:79:69:79:69:Infinity":3,"s:74:27:79:Infinity":11,"s:80:6:90:Infinity":12,"f:82:47:82:48":4,"b:83:10:84:Infinity:undefined:undefined:undefined:undefined":4,"s:83:10:84:Infinity":13,"s:84:12:84:Infinity":14,"s:85:24:87:Infinity":15,"b:86:14:86:Infinity:87:14:87:Infinity":5,"b:85:24:85:51:85:51:85:Infinity":6,"s:88:10:88:Infinity":16,"s:94:32:94:Infinity":17,"s:95:6:118:Infinity":18,"f:99:47:99:48":5,"b:100:10:101:Infinity:undefined:undefined:undefined:undefined":7,"s:100:10:101:Infinity":19,"s:101:12:101:Infinity":20,"s:102:23:102:Infinity":21,"s:103:23:103:Infinity":22,"s:104:16:104:Infinity":23,"b:104:59:104:74:104:74:104:80":8,"b:105:10:115:Infinity:108:15:115:Infinity":9,"s:105:10:115:Infinity":24,"s:106:12:106:Infinity":25,"s:109:12:114:Infinity":26,"s:116:10:116:Infinity":27,"s:122:6:122:Infinity":28,"s:125:21:125:Infinity":29,"f:125:53:125:58":6,"s:125:58:125:67":30,"s:126:6:131:Infinity":31,"s:127:25:127:Infinity":32,"b:128:8:130:Infinity:undefined:undefined:undefined:undefined":10,"s:128:8:130:Infinity":33,"b:128:12:128:25:128:25:128:60":11,"s:129:10:129:Infinity":34,"s:132:6:135:Infinity":35,"f:134:56:134:57":7,"s:134:66:134:91":36,"s:139:6:139:Infinity":37,"s:142:6:142:Infinity":38,"s:145:6:145:Infinity":39,"f:151:9:151:32":8,"s:152:2:160:Infinity":40,"s:153:16:153:Infinity":41,"b:154:4:154:Infinity:undefined:undefined:undefined:undefined":12,"s:154:4:154:Infinity":42,"s:154:14:154:Infinity":43,"s:155:4:155:Infinity":44,"s:158:4:158:Infinity":45,"s:159:4:159:Infinity":46,"f:165:16:165:31":9,"s:166:24:175:Infinity":47,"f:166:58:166:64":10,"s:167:18:167:Infinity":48,"s:168:4:174:Infinity":49,"b:170:16:170:32:170:32:170:Infinity":13,"s:178:2:181:Infinity":50,"f:178:12:178:18":11,"s:179:4:180:Infinity":51,"s:179:10:179:81":52,"s:183:21:183:Infinity":53,"b:183:21:183:79:183:79:183:Infinity":14,"f:183:46:183:51":12,"s:183:51:183:74":54,"s:184:20:184:Infinity":55,"b:184:20:184:56:184:56:184:Infinity":15,"f:184:82:184:87":13,"s:184:87:184:108":56,"s:186:2:250:Infinity":57,"f:197:17:197:18":14,"s:197:33:197:Infinity":58,"f:198:14:198:15":15,"s:198:42:198:Infinity":59,"f:200:16:200:22":16,"s:201:17:201:Infinity":60,"s:202:6:202:Infinity":61,"s:203:6:203:Infinity":62,"f:206:16:206:17":17,"s:206:32:206:Infinity":63,"f:207:15:207:16":18,"s:207:31:207:Infinity":64,"f:209:16:209:17":19,"s:210:6:210:Infinity":65,"f:212:23:212:24":20,"s:213:6:213:Infinity":66,"f:215:22:215:23":21,"s:216:6:216:Infinity":67,"f:218:13:218:14":22,"s:219:6:219:Infinity":68,"f:222:17:222:18":23,"s:223:29:223:Infinity":69,"b:224:6:224:Infinity:undefined:undefined:undefined:undefined":16,"s:224:6:224:Infinity":70,"s:224:27:224:Infinity":71,"s:226:19:226:Infinity":72,"s:227:71:227:Infinity":73,"b:229:6:238:Infinity:233:11:238:Infinity":17,"s:229:6:238:Infinity":74,"s:230:8:230:Infinity":75,"s:231:8:231:Infinity":76,"s:234:21:234:Infinity":77,"f:234:46:234:51":24,"s:234:51:234:66":78,"b:235:8:237:Infinity:undefined:undefined:undefined:undefined":18,"s:235:8:237:Infinity":79,"s:236:10:236:Infinity":80,"f:236:38:236:44":25,"s:236:44:236:81":81,"s:240:6:240:Infinity":82,"s:242:6:242:Infinity":83,"s:243:6:243:Infinity":84,"b:245:6:248:Infinity:undefined:undefined:undefined:undefined":19,"s:245:6:248:Infinity":85,"s:246:8:246:Infinity":86,"s:247:8:247:Infinity":87}}}
,"E:\\workspace\\program\\ai-chat\\ui\\src\\hooks\\useWebSocket.ts": {"path":"E:\\workspace\\program\\ai-chat\\ui\\src\\hooks\\useWebSocket.ts","statementMap":{"0":{"start":{"line":5,"column":8},"end":{"line":5,"column":null}},"1":{"start":{"line":6,"column":36},"end":{"line":6,"column":null}},"2":{"start":{"line":7,"column":46},"end":{"line":7,"column":null}},"3":{"start":{"line":8,"column":8},"end":{"line":8,"column":null}},"4":{"start":{"line":9,"column":8},"end":{"line":9,"column":null}},"5":{"start":{"line":10,"column":8},"end":{"line":10,"column":null}},"6":{"start":{"line":11,"column":8},"end":{"line":11,"column":null}},"7":{"start":{"line":12,"column":2},"end":{"line":12,"column":null}},"8":{"start":{"line":14,"column":8},"end":{"line":55,"column":null}},"9":{"start":{"line":15,"column":4},"end":{"line":16,"column":null}},"10":{"start":{"line":16,"column":6},"end":{"line":16,"column":null}},"11":{"start":{"line":17,"column":4},"end":{"line":18,"column":null}},"12":{"start":{"line":18,"column":6},"end":{"line":18,"column":null}},"13":{"start":{"line":20,"column":15},"end":{"line":20,"column":null}},"14":{"start":{"line":21,"column":4},"end":{"line":21,"column":null}},"15":{"start":{"line":23,"column":20},"end":{"line":26,"column":null}},"16":{"start":{"line":24,"column":6},"end":{"line":25,"column":null}},"17":{"start":{"line":25,"column":8},"end":{"line":25,"column":null}},"18":{"start":{"line":28,"column":4},"end":{"line":33,"column":null}},"19":{"start":{"line":29,"column":6},"end":{"line":29,"column":null}},"20":{"start":{"line":30,"column":6},"end":{"line":30,"column":null}},"21":{"start":{"line":31,"column":6},"end":{"line":31,"column":null}},"22":{"start":{"line":32,"column":6},"end":{"line":32,"column":null}},"23":{"start":{"line":35,"column":4},"end":{"line":47,"column":null}},"24":{"start":{"line":36,"column":6},"end":{"line":36,"column":null}},"25":{"start":{"line":37,"column":6},"end":{"line":37,"column":null}},"26":{"start":{"line":38,"column":6},"end":{"line":39,"column":null}},"27":{"start":{"line":39,"column":8},"end":{"line":39,"column":null}},"28":{"start":{"line":40,"column":6},"end":{"line":46,"column":null}},"29":{"start":{"line":41,"column":8},"end":{"line":41,"column":null}},"30":{"start":{"line":42,"column":8},"end":{"line":42,"column":null}},"31":{"start":{"line":45,"column":8},"end":{"line":45,"column":null}},"32":{"start":{"line":49,"column":4},"end":{"line":52,"column":null}},"33":{"start":{"line":50,"column":6},"end":{"line":51,"column":null}},"34":{"start":{"line":50,"column":12},"end":{"line":50,"column":48}},"35":{"start":{"line":54,"column":4},"end":{"line":54,"column":null}},"36":{"start":{"line":57,"column":2},"end":{"line":65,"column":null}},"37":{"start":{"line":58,"column":4},"end":{"line":58,"column":null}},"38":{"start":{"line":59,"column":4},"end":{"line":59,"column":null}},"39":{"start":{"line":60,"column":4},"end":{"line":64,"column":null}},"40":{"start":{"line":61,"column":6},"end":{"line":61,"column":null}},"41":{"start":{"line":62,"column":6},"end":{"line":62,"column":null}},"42":{"start":{"line":63,"column":6},"end":{"line":63,"column":null}},"43":{"start":{"line":67,"column":8},"end":{"line":73,"column":null}},"44":{"start":{"line":68,"column":4},"end":{"line":68,"column":null}},"45":{"start":{"line":69,"column":4},"end":{"line":69,"column":null}},"46":{"start":{"line":70,"column":4},"end":{"line":70,"column":null}},"47":{"start":{"line":71,"column":4},"end":{"line":71,"column":null}},"48":{"start":{"line":72,"column":4},"end":{"line":72,"column":null}},"49":{"start":{"line":75,"column":2},"end":{"line":86,"column":null}},"50":{"start":{"line":80,"column":6},"end":{"line":83,"column":null}},"51":{"start":{"line":81,"column":8},"end":{"line":81,"column":null}},"52":{"start":{"line":82,"column":8},"end":{"line":82,"column":null}},"53":{"start":{"line":84,"column":6},"end":{"line":84,"column":null}}},"fnMap":{"0":{"name":"useWebSocket","decl":{"start":{"line":4,"column":16},"end":{"line":4,"column":29}},"loc":{"start":{"line":4,"column":70},"end":{"line":87,"column":null}},"line":4},"1":{"name":"(anonymous_1)","decl":{"start":{"line":14,"column":30},"end":{"line":14,"column":36}},"loc":{"start":{"line":14,"column":36},"end":{"line":55,"column":5}},"line":14},"2":{"name":"(anonymous_2)","decl":{"start":{"line":23,"column":31},"end":{"line":23,"column":37}},"loc":{"start":{"line":23,"column":37},"end":{"line":26,"column":7}},"line":23},"3":{"name":"(anonymous_3)","decl":{"start":{"line":28,"column":16},"end":{"line":28,"column":22}},"loc":{"start":{"line":28,"column":22},"end":{"line":33,"column":null}},"line":28},"4":{"name":"(anonymous_4)","decl":{"start":{"line":35,"column":17},"end":{"line":35,"column":23}},"loc":{"start":{"line":35,"column":23},"end":{"line":47,"column":null}},"line":35},"5":{"name":"(anonymous_5)","decl":{"start":{"line":49,"column":19},"end":{"line":49,"column":20}},"loc":{"start":{"line":49,"column":26},"end":{"line":52,"column":null}},"line":49},"6":{"name":"(anonymous_6)","decl":{"start":{"line":54,"column":17},"end":{"line":54,"column":23}},"loc":{"start":{"line":54,"column":23},"end":{"line":54,"column":null}},"line":54},"7":{"name":"(anonymous_7)","decl":{"start":{"line":57,"column":12},"end":{"line":57,"column":18}},"loc":{"start":{"line":57,"column":18},"end":{"line":65,"column":5}},"line":57},"8":{"name":"(anonymous_8)","decl":{"start":{"line":60,"column":11},"end":{"line":60,"column":17}},"loc":{"start":{"line":60,"column":17},"end":{"line":64,"column":null}},"line":60},"9":{"name":"(anonymous_9)","decl":{"start":{"line":67,"column":32},"end":{"line":67,"column":38}},"loc":{"start":{"line":67,"column":38},"end":{"line":73,"column":5}},"line":67},"10":{"name":"(anonymous_10)","decl":{"start":{"line":79,"column":10},"end":{"line":79,"column":11}},"loc":{"start":{"line":79,"column":32},"end":{"line":85,"column":null}},"line":79}},"branchMap":{"0":{"loc":{"start":{"line":15,"column":4},"end":{"line":16,"column":null}},"type":"if","locations":[{"start":{"line":15,"column":4},"end":{"line":16,"column":null}},{"start":{},"end":{}}],"line":15},"1":{"loc":{"start":{"line":17,"column":4},"end":{"line":18,"column":null}},"type":"if","locations":[{"start":{"line":17,"column":4},"end":{"line":18,"column":null}},{"start":{},"end":{}}],"line":17},"2":{"loc":{"start":{"line":17,"column":8},"end":{"line":17,"column":null}},"type":"binary-expr","locations":[{"start":{"line":17,"column":8},"end":{"line":17,"column":56}},{"start":{"line":17,"column":56},"end":{"line":17,"column":null}}],"line":17},"3":{"loc":{"start":{"line":24,"column":6},"end":{"line":25,"column":null}},"type":"if","locations":[{"start":{"line":24,"column":6},"end":{"line":25,"column":null}},{"start":{},"end":{}}],"line":24},"4":{"loc":{"start":{"line":38,"column":6},"end":{"line":39,"column":null}},"type":"if","locations":[{"start":{"line":38,"column":6},"end":{"line":39,"column":null}},{"start":{},"end":{}}],"line":38},"5":{"loc":{"start":{"line":40,"column":6},"end":{"line":46,"column":null}},"type":"if","locations":[{"start":{"line":40,"column":6},"end":{"line":46,"column":null}},{"start":{"line":44,"column":11},"end":{"line":46,"column":null}}],"line":40},"6":{"loc":{"start":{"line":80,"column":6},"end":{"line":83,"column":null}},"type":"if","locations":[{"start":{"line":80,"column":6},"end":{"line":83,"column":null}},{"start":{},"end":{}}],"line":80}},"s":{"0":23,"1":23,"2":23,"3":23,"4":23,"5":23,"6":23,"7":23,"8":23,"9":12,"10":0,"11":12,"12":0,"13":12,"14":12,"15":12,"16":2,"17":1,"18":12,"19":8,"20":8,"21":8,"22":8,"23":12,"24":3,"25":3,"26":3,"27":0,"28":3,"29":3,"30":3,"31":0,"32":12,"33":2,"34":2,"35":12,"36":23,"37":10,"38":10,"39":10,"40":1,"41":1,"42":1,"43":23,"44":2,"45":2,"46":2,"47":2,"48":2,"49":23,"50":2,"51":1,"52":1,"53":1},"f":{"0":23,"1":12,"2":2,"3":8,"4":3,"5":2,"6":0,"7":10,"8":1,"9":2,"10":2},"b":{"0":[0,12],"1":[0,12],"2":[12,12],"3":[1,1],"4":[0,3],"5":[3,0],"6":[1,1]},"meta":{"lastBranch":7,"lastFunction":11,"lastStatement":54,"seen":{"f:4:16:4:29":0,"s:5:8:5:Infinity":0,"s:6:36:6:Infinity":1,"s:7:46:7:Infinity":2,"s:8:8:8:Infinity":3,"s:9:8:9:Infinity":4,"s:10:8:10:Infinity":5,"s:11:8:11:Infinity":6,"s:12:2:12:Infinity":7,"s:14:8:55:Infinity":8,"f:14:30:14:36":1,"b:15:4:16:Infinity:undefined:undefined:undefined:undefined":0,"s:15:4:16:Infinity":9,"s:16:6:16:Infinity":10,"b:17:4:18:Infinity:undefined:undefined:undefined:undefined":1,"s:17:4:18:Infinity":11,"b:17:8:17:56:17:56:17:Infinity":2,"s:18:6:18:Infinity":12,"s:20:15:20:Infinity":13,"s:21:4:21:Infinity":14,"s:23:20:26:Infinity":15,"f:23:31:23:37":2,"b:24:6:25:Infinity:undefined:undefined:undefined:undefined":3,"s:24:6:25:Infinity":16,"s:25:8:25:Infinity":17,"s:28:4:33:Infinity":18,"f:28:16:28:22":3,"s:29:6:29:Infinity":19,"s:30:6:30:Infinity":20,"s:31:6:31:Infinity":21,"s:32:6:32:Infinity":22,"s:35:4:47:Infinity":23,"f:35:17:35:23":4,"s:36:6:36:Infinity":24,"s:37:6:37:Infinity":25,"b:38:6:39:Infinity:undefined:undefined:undefined:undefined":4,"s:38:6:39:Infinity":26,"s:39:8:39:Infinity":27,"b:40:6:46:Infinity:44:11:46:Infinity":5,"s:40:6:46:Infinity":28,"s:41:8:41:Infinity":29,"s:42:8:42:Infinity":30,"s:45:8:45:Infinity":31,"s:49:4:52:Infinity":32,"f:49:19:49:20":5,"s:50:6:51:Infinity":33,"s:50:12:50:48":34,"s:54:4:54:Infinity":35,"f:54:17:54:23":6,"s:57:2:65:Infinity":36,"f:57:12:57:18":7,"s:58:4:58:Infinity":37,"s:59:4:59:Infinity":38,"s:60:4:64:Infinity":39,"f:60:11:60:17":8,"s:61:6:61:Infinity":40,"s:62:6:62:Infinity":41,"s:63:6:63:Infinity":42,"s:67:8:73:Infinity":43,"f:67:32:67:38":9,"s:68:4:68:Infinity":44,"s:69:4:69:Infinity":45,"s:70:4:70:Infinity":46,"s:71:4:71:Infinity":47,"s:72:4:72:Infinity":48,"s:75:2:86:Infinity":49,"f:79:10:79:11":10,"b:80:6:83:Infinity:undefined:undefined:undefined:undefined":6,"s:80:6:83:Infinity":50,"s:81:8:81:Infinity":51,"s:82:8:82:Infinity":52,"s:84:6:84:Infinity":53}}}
,"E:\\workspace\\program\\ai-chat\\ui\\src\\utils\\time.ts": {"path":"E:\\workspace\\program\\ai-chat\\ui\\src\\utils\\time.ts","statementMap":{"0":{"start":{"line":2,"column":14},"end":{"line":2,"column":null}},"1":{"start":{"line":3,"column":15},"end":{"line":3,"column":null}},"2":{"start":{"line":4,"column":2},"end":{"line":5,"column":null}},"3":{"start":{"line":5,"column":4},"end":{"line":5,"column":null}},"4":{"start":{"line":6,"column":2},"end":{"line":7,"column":null}},"5":{"start":{"line":7,"column":4},"end":{"line":7,"column":null}},"6":{"start":{"line":8,"column":12},"end":{"line":8,"column":null}},"7":{"start":{"line":9,"column":2},"end":{"line":10,"column":null}},"8":{"start":{"line":10,"column":4},"end":{"line":10,"column":null}},"9":{"start":{"line":11,"column":2},"end":{"line":11,"column":null}},"10":{"start":{"line":15,"column":12},"end":{"line":15,"column":null}},"11":{"start":{"line":16,"column":14},"end":{"line":16,"column":null}},"12":{"start":{"line":17,"column":19},"end":{"line":17,"column":null}},"13":{"start":{"line":19,"column":2},"end":{"line":20,"column":null}},"14":{"start":{"line":20,"column":4},"end":{"line":20,"column":null}},"15":{"start":{"line":21,"column":2},"end":{"line":22,"column":null}},"16":{"start":{"line":22,"column":4},"end":{"line":22,"column":null}},"17":{"start":{"line":23,"column":2},"end":{"line":24,"column":null}},"18":{"start":{"line":24,"column":4},"end":{"line":24,"column":null}},"19":{"start":{"line":25,"column":2},"end":{"line":26,"column":null}},"20":{"start":{"line":26,"column":4},"end":{"line":26,"column":null}},"21":{"start":{"line":27,"column":2},"end":{"line":27,"column":null}}},"fnMap":{"0":{"name":"formatRelativeTime","decl":{"start":{"line":1,"column":16},"end":{"line":1,"column":35}},"loc":{"start":{"line":1,"column":55},"end":{"line":12,"column":null}},"line":1},"1":{"name":"dateGroupLabel","decl":{"start":{"line":14,"column":16},"end":{"line":14,"column":31}},"loc":{"start":{"line":14,"column":68},"end":{"line":28,"column":null}},"line":14}},"branchMap":{"0":{"loc":{"start":{"line":4,"column":2},"end":{"line":5,"column":null}},"type":"if","locations":[{"start":{"line":4,"column":2},"end":{"line":5,"column":null}},{"start":{},"end":{}}],"line":4},"1":{"loc":{"start":{"line":6,"column":2},"end":{"line":7,"column":null}},"type":"if","locations":[{"start":{"line":6,"column":2},"end":{"line":7,"column":null}},{"start":{},"end":{}}],"line":6},"2":{"loc":{"start":{"line":9,"column":2},"end":{"line":10,"column":null}},"type":"if","locations":[{"start":{"line":9,"column":2},"end":{"line":10,"column":null}},{"start":{},"end":{}}],"line":9},"3":{"loc":{"start":{"line":19,"column":2},"end":{"line":20,"column":null}},"type":"if","locations":[{"start":{"line":19,"column":2},"end":{"line":20,"column":null}},{"start":{},"end":{}}],"line":19},"4":{"loc":{"start":{"line":21,"column":2},"end":{"line":22,"column":null}},"type":"if","locations":[{"start":{"line":21,"column":2},"end":{"line":22,"column":null}},{"start":{},"end":{}}],"line":21},"5":{"loc":{"start":{"line":23,"column":2},"end":{"line":24,"column":null}},"type":"if","locations":[{"start":{"line":23,"column":2},"end":{"line":24,"column":null}},{"start":{},"end":{}}],"line":23},"6":{"loc":{"start":{"line":25,"column":2},"end":{"line":26,"column":null}},"type":"if","locations":[{"start":{"line":25,"column":2},"end":{"line":26,"column":null}},{"start":{},"end":{}}],"line":25},"7":{"loc":{"start":{"line":27,"column":9},"end":{"line":27,"column":null}},"type":"cond-expr","locations":[{"start":{"line":27,"column":17},"end":{"line":27,"column":24}},{"start":{"line":27,"column":24},"end":{"line":27,"column":null}}],"line":27}},"s":{"0":9,"1":9,"2":9,"3":1,"4":8,"5":8,"6":6,"7":6,"8":2,"9":4,"10":58,"11":58,"12":58,"13":58,"14":33,"15":25,"16":1,"17":24,"18":1,"19":23,"20":1,"21":22},"f":{"0":9,"1":58},"b":{"0":[1,8],"1":[2,6],"2":[2,4],"3":[33,25],"4":[1,24],"5":[1,23],"6":[1,22],"7":[21,1]},"meta":{"lastBranch":8,"lastFunction":2,"lastStatement":22,"seen":{"f:1:16:1:35":0,"s:2:14:2:Infinity":0,"s:3:15:3:Infinity":1,"b:4:2:5:Infinity:undefined:undefined:undefined:undefined":0,"s:4:2:5:Infinity":2,"s:5:4:5:Infinity":3,"b:6:2:7:Infinity:undefined:undefined:undefined:undefined":1,"s:6:2:7:Infinity":4,"s:7:4:7:Infinity":5,"s:8:12:8:Infinity":6,"b:9:2:10:Infinity:undefined:undefined:undefined:undefined":2,"s:9:2:10:Infinity":7,"s:10:4:10:Infinity":8,"s:11:2:11:Infinity":9,"f:14:16:14:31":1,"s:15:12:15:Infinity":10,"s:16:14:16:Infinity":11,"s:17:19:17:Infinity":12,"b:19:2:20:Infinity:undefined:undefined:undefined:undefined":3,"s:19:2:20:Infinity":13,"s:20:4:20:Infinity":14,"b:21:2:22:Infinity:undefined:undefined:undefined:undefined":4,"s:21:2:22:Infinity":15,"s:22:4:22:Infinity":16,"b:23:2:24:Infinity:undefined:undefined:undefined:undefined":5,"s:23:2:24:Infinity":17,"s:24:4:24:Infinity":18,"b:25:2:26:Infinity:undefined:undefined:undefined:undefined":6,"s:25:2:26:Infinity":19,"s:26:4:26:Infinity":20,"s:27:2:27:Infinity":21,"b:27:17:27:24:27:24:27:Infinity":7}}}
}
